[03/19/24 09:12:31] crowsnest: crowsnest - A webcam Service for multiple Cams and Stream Services.
[03/19/24 09:12:31] crowsnest: Version: v4.1.6-1-ge96cd46
[03/19/24 09:12:31] crowsnest: Prepare Startup ...
[03/19/24 09:12:31] crowsnest: INFO: Host information:
[03/19/24 09:12:31] crowsnest: Host Info: Distribution: BTT-CB1 2.3.4 Bullseye
[03/19/24 09:12:31] crowsnest: Host Info: Kernel: Linux 5.16.17-sun50iw9 aarch64
[03/19/24 09:12:31] crowsnest: Host Info: Available CPU Cores: 4
[03/19/24 09:12:31] crowsnest: Host Info: Available Memory: 1010636 kB
[03/19/24 09:12:31] crowsnest: Host Info: Diskspace (avail. / total): 643M / 4.7G
[03/19/24 09:12:31] crowsnest: INFO: Checking Dependencies
[03/19/24 09:12:31] crowsnest: Dependency: 'crudini' found in /usr/bin/crudini.
[03/19/24 09:12:31] crowsnest: Dependency: 'find' found in /usr/bin/find.
[03/19/24 09:12:31] crowsnest: Dependency: 'xargs' found in /usr/bin/xargs.
[03/19/24 09:12:31] crowsnest: Dependency: 'ustreamer.bin' found in bin/ustreamer/ustreamer.bin.
[03/19/24 09:12:32] crowsnest: Version Control: ustreamer new version available: 8f0acb2 (v5.57).
[03/19/24 09:12:32] crowsnest: INFO: Print Configfile: '/home/biqu/printer_data/config/crowsnest.conf'
[03/19/24 09:12:32] crowsnest:		[crowsnest]
[03/19/24 09:12:32] crowsnest:		log_path: /home/biqu/printer_data/logs/crowsnest.log
[03/19/24 09:12:32] crowsnest:		log_level: verbose
[03/19/24 09:12:32] crowsnest:		delete_log: false
[03/19/24 09:12:32] crowsnest:		no_proxy: false
[03/19/24 09:12:32] crowsnest:		
[03/19/24 09:12:32] crowsnest:		[cam 1]
[03/19/24 09:12:32] crowsnest:		mode: ustreamer
[03/19/24 09:12:32] crowsnest:		
[03/19/24 09:12:32] crowsnest:		enable_rtsp: false
[03/19/24 09:12:32] crowsnest:		rtsp_port: 8554
[03/19/24 09:12:32] crowsnest:		port: 8080
[03/19/24 09:12:32] crowsnest:		device: /dev/video0
[03/19/24 09:12:32] crowsnest:		resolution: 640x480
[03/19/24 09:12:32] crowsnest:		max_fps: 15
[03/19/24 09:12:32] crowsnest: INFO: Detect available Devices
[03/19/24 09:12:32] crowsnest: ERROR: No usable Devices Found. Stopping crowsnest.
[03/19/24 09:12:38] crowsnest: crowsnest - A webcam Service for multiple Cams and Stream Services.
[03/19/24 09:12:38] crowsnest: Version: v4.1.6-1-ge96cd46
[03/19/24 09:12:38] crowsnest: Prepare Startup ...
[03/19/24 09:12:38] crowsnest: INFO: Host information:
[03/19/24 09:12:38] crowsnest: Host Info: Distribution: BTT-CB1 2.3.4 Bullseye
[03/19/24 09:12:38] crowsnest: Host Info: Kernel: Linux 5.16.17-sun50iw9 aarch64
[03/19/24 09:12:38] crowsnest: Host Info: Available CPU Cores: 4
[03/19/24 09:12:38] crowsnest: Host Info: Available Memory: 1010636 kB
[03/19/24 09:12:38] crowsnest: Host Info: Diskspace (avail. / total): 1.9G / 5.9G
[03/19/24 09:12:38] crowsnest: INFO: Checking Dependencies
[03/19/24 09:12:38] crowsnest: Dependency: 'crudini' found in /usr/bin/crudini.
[03/19/24 09:12:38] crowsnest: Dependency: 'find' found in /usr/bin/find.
[03/19/24 09:12:38] crowsnest: Dependency: 'xargs' found in /usr/bin/xargs.
[03/19/24 09:12:38] crowsnest: Dependency: 'ustreamer.bin' found in bin/ustreamer/ustreamer.bin.
[03/19/24 09:12:38] crowsnest: Version Control: ustreamer new version available: 8f0acb2 (v5.57).
[03/19/24 09:12:38] crowsnest: INFO: Print Configfile: '/home/biqu/printer_data/config/crowsnest.conf'
[03/19/24 09:12:38] crowsnest:		[crowsnest]
[03/19/24 09:12:38] crowsnest:		log_path: /home/biqu/printer_data/logs/crowsnest.log
[03/19/24 09:12:38] crowsnest:		log_level: verbose
[03/19/24 09:12:38] crowsnest:		delete_log: false
[03/19/24 09:12:38] crowsnest:		no_proxy: false
[03/19/24 09:12:38] crowsnest:		
[03/19/24 09:12:38] crowsnest:		[cam 1]
[03/19/24 09:12:38] crowsnest:		mode: ustreamer
[03/19/24 09:12:38] crowsnest:		
[03/19/24 09:12:38] crowsnest:		enable_rtsp: false
[03/19/24 09:12:38] crowsnest:		rtsp_port: 8554
[03/19/24 09:12:38] crowsnest:		port: 8080
[03/19/24 09:12:38] crowsnest:		device: /dev/video0
[03/19/24 09:12:38] crowsnest:		resolution: 640x480
[03/19/24 09:12:38] crowsnest:		max_fps: 15
[03/19/24 09:12:38] crowsnest: INFO: Detect available Devices
[03/19/24 09:12:38] crowsnest: ERROR: No usable Devices Found. Stopping crowsnest.
[03/19/24 09:12:45] crowsnest: crowsnest - A webcam Service for multiple Cams and Stream Services.
[03/19/24 09:12:45] crowsnest: Version: v4.1.6-1-ge96cd46
[03/19/24 09:12:45] crowsnest: Prepare Startup ...
[03/19/24 09:12:45] crowsnest: INFO: Host information:
[03/19/24 09:12:45] crowsnest: Host Info: Distribution: BTT-CB1 2.3.4 Bullseye
[03/19/24 09:12:45] crowsnest: Host Info: Kernel: Linux 5.16.17-sun50iw9 aarch64
[03/19/24 09:12:45] crowsnest: Host Info: Available CPU Cores: 4
[03/19/24 09:12:45] crowsnest: Host Info: Available Memory: 1010636 kB
[03/19/24 09:12:45] crowsnest: Host Info: Diskspace (avail. / total): 3.9G / 7.9G
[03/19/24 09:12:45] crowsnest: INFO: Checking Dependencies
[03/19/24 09:12:45] crowsnest: Dependency: 'crudini' found in /usr/bin/crudini.
[03/19/24 09:12:45] crowsnest: Dependency: 'find' found in /usr/bin/find.
[03/19/24 09:12:45] crowsnest: Dependency: 'xargs' found in /usr/bin/xargs.
[03/19/24 09:12:45] crowsnest: Dependency: 'ustreamer.bin' found in bin/ustreamer/ustreamer.bin.
[03/19/24 09:12:45] crowsnest: Version Control: ustreamer new version available: 8f0acb2 (v5.57).
[03/19/24 09:12:45] crowsnest: INFO: Print Configfile: '/home/biqu/printer_data/config/crowsnest.conf'
[03/19/24 09:12:45] crowsnest:		[crowsnest]
[03/19/24 09:12:45] crowsnest:		log_path: /home/biqu/printer_data/logs/crowsnest.log
[03/19/24 09:12:45] crowsnest:		log_level: verbose
[03/19/24 09:12:45] crowsnest:		delete_log: false
[03/19/24 09:12:45] crowsnest:		no_proxy: false
[03/19/24 09:12:45] crowsnest:		
[03/19/24 09:12:45] crowsnest:		[cam 1]
[03/19/24 09:12:45] crowsnest:		mode: ustreamer
[03/19/24 09:12:45] crowsnest:		
[03/19/24 09:12:45] crowsnest:		enable_rtsp: false
[03/19/24 09:12:45] crowsnest:		rtsp_port: 8554
[03/19/24 09:12:45] crowsnest:		port: 8080
[03/19/24 09:12:45] crowsnest:		device: /dev/video0
[03/19/24 09:12:45] crowsnest:		resolution: 640x480
[03/19/24 09:12:45] crowsnest:		max_fps: 15
[03/19/24 09:12:45] crowsnest: INFO: Detect available Devices
[03/19/24 09:12:45] crowsnest: ERROR: No usable Devices Found. Stopping crowsnest.
[03/19/24 09:12:52] crowsnest: crowsnest - A webcam Service for multiple Cams and Stream Services.
[03/19/24 09:12:52] crowsnest: Version: v4.1.6-1-ge96cd46
[03/19/24 09:12:52] crowsnest: Prepare Startup ...
[03/19/24 09:12:52] crowsnest: INFO: Host information:
[03/19/24 09:12:52] crowsnest: Host Info: Distribution: BTT-CB1 2.3.4 Bullseye
[03/19/24 09:12:52] crowsnest: Host Info: Kernel: Linux 5.16.17-sun50iw9 aarch64
[03/19/24 09:12:52] crowsnest: Host Info: Available CPU Cores: 4
[03/19/24 09:12:52] crowsnest: Host Info: Available Memory: 1010636 kB
[03/19/24 09:12:52] crowsnest: Host Info: Diskspace (avail. / total): 7.8G / 12G
[03/19/24 09:12:52] crowsnest: INFO: Checking Dependencies
[03/19/24 09:12:52] crowsnest: Dependency: 'crudini' found in /usr/bin/crudini.
[03/19/24 09:12:52] crowsnest: Dependency: 'find' found in /usr/bin/find.
[03/19/24 09:12:52] crowsnest: Dependency: 'xargs' found in /usr/bin/xargs.
[03/19/24 09:12:52] crowsnest: Dependency: 'ustreamer.bin' found in bin/ustreamer/ustreamer.bin.
[03/19/24 09:12:52] crowsnest: Version Control: ustreamer new version available: 8f0acb2 (v5.57).
[03/19/24 09:12:52] crowsnest: INFO: Print Configfile: '/home/biqu/printer_data/config/crowsnest.conf'
[03/19/24 09:12:52] crowsnest:		[crowsnest]
[03/19/24 09:12:52] crowsnest:		log_path: /home/biqu/printer_data/logs/crowsnest.log
[03/19/24 09:12:52] crowsnest:		log_level: verbose
[03/19/24 09:12:52] crowsnest:		delete_log: false
[03/19/24 09:12:52] crowsnest:		no_proxy: false
[03/19/24 09:12:52] crowsnest:		
[03/19/24 09:12:52] crowsnest:		[cam 1]
[03/19/24 09:12:52] crowsnest:		mode: ustreamer
[03/19/24 09:12:52] crowsnest:		
[03/19/24 09:12:52] crowsnest:		enable_rtsp: false
[03/19/24 09:12:52] crowsnest:		rtsp_port: 8554
[03/19/24 09:12:52] crowsnest:		port: 8080
[03/19/24 09:12:52] crowsnest:		device: /dev/video0
[03/19/24 09:12:52] crowsnest:		resolution: 640x480
[03/19/24 09:12:52] crowsnest:		max_fps: 15
[03/19/24 09:12:52] crowsnest: INFO: Detect available Devices
[03/19/24 09:12:52] crowsnest: ERROR: No usable Devices Found. Stopping crowsnest.
[03/19/24 09:12:58] crowsnest: crowsnest - A webcam Service for multiple Cams and Stream Services.
[03/19/24 09:12:58] crowsnest: Version: v4.1.6-1-ge96cd46
[03/19/24 09:12:58] crowsnest: Prepare Startup ...
[03/19/24 09:12:58] crowsnest: INFO: Host information:
[03/19/24 09:12:58] crowsnest: Host Info: Distribution: BTT-CB1 2.3.4 Bullseye
[03/19/24 09:12:58] crowsnest: Host Info: Kernel: Linux 5.16.17-sun50iw9 aarch64
[03/19/24 09:12:58] crowsnest: Host Info: Available CPU Cores: 4
[03/19/24 09:12:58] crowsnest: Host Info: Available Memory: 1010636 kB
[03/19/24 09:12:58] crowsnest: Host Info: Diskspace (avail. / total): 9.7G / 14G
[03/19/24 09:12:58] crowsnest: INFO: Checking Dependencies
[03/19/24 09:12:58] crowsnest: Dependency: 'crudini' found in /usr/bin/crudini.
[03/19/24 09:12:59] crowsnest: Dependency: 'find' found in /usr/bin/find.
[03/19/24 09:12:59] crowsnest: Dependency: 'xargs' found in /usr/bin/xargs.
[03/19/24 09:12:59] crowsnest: Dependency: 'ustreamer.bin' found in bin/ustreamer/ustreamer.bin.
[03/19/24 09:12:59] crowsnest: Version Control: ustreamer new version available: 8f0acb2 (v5.57).
[03/19/24 09:12:59] crowsnest: INFO: Print Configfile: '/home/biqu/printer_data/config/crowsnest.conf'
[03/19/24 09:12:59] crowsnest:		[crowsnest]
[03/19/24 09:12:59] crowsnest:		log_path: /home/biqu/printer_data/logs/crowsnest.log
[03/19/24 09:12:59] crowsnest:		log_level: verbose
[03/19/24 09:12:59] crowsnest:		delete_log: false
[03/19/24 09:12:59] crowsnest:		no_proxy: false
[03/19/24 09:12:59] crowsnest:		
[03/19/24 09:12:59] crowsnest:		[cam 1]
[03/19/24 09:12:59] crowsnest:		mode: ustreamer
[03/19/24 09:12:59] crowsnest:		
[03/19/24 09:12:59] crowsnest:		enable_rtsp: false
[03/19/24 09:12:59] crowsnest:		rtsp_port: 8554
[03/19/24 09:12:59] crowsnest:		port: 8080
[03/19/24 09:12:59] crowsnest:		device: /dev/video0
[03/19/24 09:12:59] crowsnest:		resolution: 640x480
[03/19/24 09:12:59] crowsnest:		max_fps: 15
[03/19/24 09:12:59] crowsnest: INFO: Detect available Devices
[03/19/24 09:12:59] crowsnest: ERROR: No usable Devices Found. Stopping crowsnest.
[03/19/24 09:13:05] crowsnest: crowsnest - A webcam Service for multiple Cams and Stream Services.
[03/19/24 09:13:05] crowsnest: Version: v4.1.6-1-ge96cd46
[03/19/24 09:13:05] crowsnest: Prepare Startup ...
[03/19/24 09:13:05] crowsnest: INFO: Host information:
[03/19/24 09:13:05] crowsnest: Host Info: Distribution: BTT-CB1 2.3.4 Bullseye
[03/19/24 09:13:05] crowsnest: Host Info: Kernel: Linux 5.16.17-sun50iw9 aarch64
[03/19/24 09:13:05] crowsnest: Host Info: Available CPU Cores: 4
[03/19/24 09:13:05] crowsnest: Host Info: Available Memory: 1010636 kB
[03/19/24 09:13:05] crowsnest: Host Info: Diskspace (avail. / total): 12G / 16G
[03/19/24 09:13:05] crowsnest: INFO: Checking Dependencies
[03/19/24 09:13:05] crowsnest: Dependency: 'crudini' found in /usr/bin/crudini.
[03/19/24 09:13:07] crowsnest: Dependency: 'find' found in /usr/bin/find.
[03/19/24 09:13:07] crowsnest: Dependency: 'xargs' found in /usr/bin/xargs.
[03/19/24 09:13:07] crowsnest: Dependency: 'ustreamer.bin' found in bin/ustreamer/ustreamer.bin.
[03/19/24 09:13:07] crowsnest: Version Control: ustreamer new version available: 8f0acb2 (v5.57).
[03/19/24 09:13:07] crowsnest: INFO: Print Configfile: '/home/biqu/printer_data/config/crowsnest.conf'
[03/19/24 09:13:07] crowsnest:		[crowsnest]
[03/19/24 09:13:07] crowsnest:		log_path: /home/biqu/printer_data/logs/crowsnest.log
[03/19/24 09:13:07] crowsnest:		log_level: verbose
[03/19/24 09:13:07] crowsnest:		delete_log: false
[03/19/24 09:13:07] crowsnest:		no_proxy: false
[03/19/24 09:13:07] crowsnest:		
[03/19/24 09:13:07] crowsnest:		[cam 1]
[03/19/24 09:13:07] crowsnest:		mode: ustreamer
[03/19/24 09:13:07] crowsnest:		
[03/19/24 09:13:07] crowsnest:		enable_rtsp: false
[03/19/24 09:13:07] crowsnest:		rtsp_port: 8554
[03/19/24 09:13:07] crowsnest:		port: 8080
[03/19/24 09:13:07] crowsnest:		device: /dev/video0
[03/19/24 09:13:07] crowsnest:		resolution: 640x480
[03/19/24 09:13:07] crowsnest:		max_fps: 15
[03/19/24 09:13:07] crowsnest: INFO: Detect available Devices
[03/19/24 09:13:07] crowsnest: ERROR: No usable Devices Found. Stopping crowsnest.
[03/19/24 09:13:13] crowsnest: crowsnest - A webcam Service for multiple Cams and Stream Services.
[03/19/24 09:13:13] crowsnest: Version: v4.1.6-1-ge96cd46
[03/19/24 09:13:13] crowsnest: Prepare Startup ...
[03/19/24 09:13:13] crowsnest: INFO: Host information:
[03/19/24 09:13:13] crowsnest: Host Info: Distribution: BTT-CB1 2.3.4 Bullseye
[03/19/24 09:13:13] crowsnest: Host Info: Kernel: Linux 5.16.17-sun50iw9 aarch64
[03/19/24 09:13:13] crowsnest: Host Info: Available CPU Cores: 4
[03/19/24 09:13:13] crowsnest: Host Info: Available Memory: 1010636 kB
[03/19/24 09:13:13] crowsnest: Host Info: Diskspace (avail. / total): 16G / 20G
[03/19/24 09:13:13] crowsnest: INFO: Checking Dependencies
[03/19/24 09:13:13] crowsnest: Dependency: 'crudini' found in /usr/bin/crudini.
[03/19/24 09:13:13] crowsnest: Dependency: 'find' found in /usr/bin/find.
[03/19/24 09:13:13] crowsnest: Dependency: 'xargs' found in /usr/bin/xargs.
[03/19/24 09:13:13] crowsnest: Dependency: 'ustreamer.bin' found in bin/ustreamer/ustreamer.bin.
[03/19/24 09:13:13] crowsnest: Version Control: ustreamer new version available: 8f0acb2 (v5.57).
[03/19/24 09:13:13] crowsnest: INFO: Print Configfile: '/home/biqu/printer_data/config/crowsnest.conf'
[03/19/24 09:13:13] crowsnest:		[crowsnest]
[03/19/24 09:13:13] crowsnest:		log_path: /home/biqu/printer_data/logs/crowsnest.log
[03/19/24 09:13:13] crowsnest:		log_level: verbose
[03/19/24 09:13:13] crowsnest:		delete_log: false
[03/19/24 09:13:13] crowsnest:		no_proxy: false
[03/19/24 09:13:13] crowsnest:		
[03/19/24 09:13:13] crowsnest:		[cam 1]
[03/19/24 09:13:13] crowsnest:		mode: ustreamer
[03/19/24 09:13:13] crowsnest:		
[03/19/24 09:13:13] crowsnest:		enable_rtsp: false
[03/19/24 09:13:13] crowsnest:		rtsp_port: 8554
[03/19/24 09:13:13] crowsnest:		port: 8080
[03/19/24 09:13:13] crowsnest:		device: /dev/video0
[03/19/24 09:13:13] crowsnest:		resolution: 640x480
[03/19/24 09:13:13] crowsnest:		max_fps: 15
[03/19/24 09:13:13] crowsnest: INFO: Detect available Devices
[03/19/24 09:13:13] crowsnest: ERROR: No usable Devices Found. Stopping crowsnest.
[03/19/24 09:13:20] crowsnest: crowsnest - A webcam Service for multiple Cams and Stream Services.
[03/19/24 09:13:20] crowsnest: Version: v4.1.6-1-ge96cd46
[03/19/24 09:13:20] crowsnest: Prepare Startup ...
[03/19/24 09:13:20] crowsnest: INFO: Host information:
[11/07/24 01:19:21] crowsnest: Host Info: Distribution: BTT-CB1 2.3.4 Bullseye
[11/07/24 01:19:21] crowsnest: Host Info: Kernel: Linux 5.16.17-sun50iw9 aarch64
[11/07/24 01:19:21] crowsnest: Host Info: Available CPU Cores: 4
[11/07/24 01:19:21] crowsnest: Host Info: Available Memory: 1010636 kB
[11/07/24 01:19:21] crowsnest: Host Info: Diskspace (avail. / total): 18G / 22G
[11/07/24 01:19:21] crowsnest: INFO: Checking Dependencies
[11/07/24 01:19:21] crowsnest: Dependency: 'crudini' found in /usr/bin/crudini.
[11/07/24 01:19:21] crowsnest: Dependency: 'find' found in /usr/bin/find.
[11/07/24 01:19:21] crowsnest: Dependency: 'xargs' found in /usr/bin/xargs.
[11/07/24 01:19:21] crowsnest: Dependency: 'ustreamer.bin' found in bin/ustreamer/ustreamer.bin.
[11/07/24 01:19:21] crowsnest: Version Control: ustreamer new version available: 8f0acb2 (v5.57).
[11/07/24 01:19:21] crowsnest: INFO: Print Configfile: '/home/biqu/printer_data/config/crowsnest.conf'
[11/07/24 01:19:21] crowsnest:		[crowsnest]
[11/07/24 01:19:21] crowsnest:		log_path: /home/biqu/printer_data/logs/crowsnest.log
[11/07/24 01:19:21] crowsnest:		log_level: verbose
[11/07/24 01:19:21] crowsnest:		delete_log: false
[11/07/24 01:19:21] crowsnest:		no_proxy: false
[11/07/24 01:19:21] crowsnest:		
[11/07/24 01:19:21] crowsnest:		[cam 1]
[11/07/24 01:19:21] crowsnest:		mode: ustreamer
[11/07/24 01:19:21] crowsnest:		
[11/07/24 01:19:21] crowsnest:		enable_rtsp: false
[11/07/24 01:19:21] crowsnest:		rtsp_port: 8554
[11/07/24 01:19:21] crowsnest:		port: 8080
[11/07/24 01:19:21] crowsnest:		device: /dev/video0
[11/07/24 01:19:21] crowsnest:		resolution: 640x480
[11/07/24 01:19:21] crowsnest:		max_fps: 15
[11/07/24 01:19:21] crowsnest: INFO: Detect available Devices
[11/07/24 01:19:22] crowsnest: ERROR: No usable Devices Found. Stopping crowsnest.
[11/08/24 19:17:25] crowsnest: crowsnest - A webcam Service for multiple Cams and Stream Services.
[11/08/24 19:17:26] crowsnest: Version: v4.1.6-1-ge96cd46
[11/08/24 19:17:26] crowsnest: Prepare Startup ...
[11/08/24 19:17:26] crowsnest: INFO: Host information:
[11/08/24 19:17:26] crowsnest: Host Info: Distribution: BTT-CB1 2.3.4 Bullseye
[11/08/24 19:17:26] crowsnest: Host Info: Kernel: Linux 5.16.17-sun50iw9 aarch64
[11/08/24 19:17:26] crowsnest: Host Info: Available CPU Cores: 4
[11/08/24 19:17:26] crowsnest: Host Info: Available Memory: 1010636 kB
[11/08/24 19:17:26] crowsnest: Host Info: Diskspace (avail. / total): 25G / 29G
[11/08/24 19:17:26] crowsnest: INFO: Checking Dependencies
[11/08/24 19:17:27] crowsnest: Dependency: 'crudini' found in /usr/bin/crudini.
[11/08/24 19:17:27] crowsnest: Dependency: 'find' found in /usr/bin/find.
[11/08/24 19:17:27] crowsnest: Dependency: 'xargs' found in /usr/bin/xargs.
[11/08/24 19:17:27] crowsnest: Dependency: 'ustreamer.bin' found in bin/ustreamer/ustreamer.bin.
[11/08/24 19:17:27] crowsnest: Version Control: ustreamer new version available: 8f0acb2 (v5.57).
[11/08/24 19:17:27] crowsnest: INFO: Print Configfile: '/home/biqu/printer_data/config/crowsnest.conf'
[11/08/24 19:17:27] crowsnest:		[crowsnest]
[11/08/24 19:17:27] crowsnest:		log_path: /home/biqu/printer_data/logs/crowsnest.log
[11/08/24 19:17:27] crowsnest:		log_level: verbose
[11/08/24 19:17:27] crowsnest:		delete_log: false
[11/08/24 19:17:27] crowsnest:		no_proxy: false
[11/08/24 19:17:27] crowsnest:		
[11/08/24 19:17:27] crowsnest:		[cam 1]
[11/08/24 19:17:27] crowsnest:		mode: ustreamer
[11/08/24 19:17:27] crowsnest:		
[11/08/24 19:17:27] crowsnest:		enable_rtsp: false
[11/08/24 19:17:27] crowsnest:		rtsp_port: 8554
[11/08/24 19:17:27] crowsnest:		port: 8080
[11/08/24 19:17:27] crowsnest:		device: /dev/video0
[11/08/24 19:17:27] crowsnest:		resolution: 640x480
[11/08/24 19:17:27] crowsnest:		max_fps: 15
[11/08/24 19:17:28] crowsnest: INFO: Detect available Devices
[11/08/24 19:17:28] crowsnest: ERROR: No usable Devices Found. Stopping crowsnest.
[11/08/24 19:17:34] crowsnest: crowsnest - A webcam Service for multiple Cams and Stream Services.
[11/08/24 19:17:34] crowsnest: Version: v4.1.6-1-ge96cd46
[11/08/24 19:17:34] crowsnest: Prepare Startup ...
[11/08/24 19:17:34] crowsnest: INFO: Host information:
[11/08/24 19:17:34] crowsnest: Host Info: Distribution: BTT-CB1 2.3.4 Bullseye
[11/08/24 19:17:35] crowsnest: Host Info: Kernel: Linux 5.16.17-sun50iw9 aarch64
[11/08/24 19:17:35] crowsnest: Host Info: Available CPU Cores: 4
[11/08/24 19:17:35] crowsnest: Host Info: Available Memory: 1010636 kB
[11/08/24 19:17:35] crowsnest: Host Info: Diskspace (avail. / total): 25G / 29G
[11/08/24 19:17:35] crowsnest: INFO: Checking Dependencies
[11/08/24 19:17:35] crowsnest: Dependency: 'crudini' found in /usr/bin/crudini.
[11/08/24 19:17:35] crowsnest: Dependency: 'find' found in /usr/bin/find.
[11/08/24 19:17:35] crowsnest: Dependency: 'xargs' found in /usr/bin/xargs.
[11/08/24 19:17:35] crowsnest: Dependency: 'ustreamer.bin' found in bin/ustreamer/ustreamer.bin.
[11/08/24 19:17:35] crowsnest: Version Control: ustreamer new version available: 8f0acb2 (v5.57).
[11/08/24 19:17:35] crowsnest: INFO: Print Configfile: '/home/biqu/printer_data/config/crowsnest.conf'
[11/08/24 19:17:35] crowsnest:		[crowsnest]
[11/08/24 19:17:35] crowsnest:		log_path: /home/biqu/printer_data/logs/crowsnest.log
[11/08/24 19:17:35] crowsnest:		log_level: verbose
[11/08/24 19:17:35] crowsnest:		delete_log: false
[11/08/24 19:17:35] crowsnest:		no_proxy: false
[11/08/24 19:17:35] crowsnest:		
[11/08/24 19:17:35] crowsnest:		[cam 1]
[11/08/24 19:17:35] crowsnest:		mode: ustreamer
[11/08/24 19:17:35] crowsnest:		
[11/08/24 19:17:35] crowsnest:		enable_rtsp: false
[11/08/24 19:17:35] crowsnest:		rtsp_port: 8554
[11/08/24 19:17:35] crowsnest:		port: 8080
[11/08/24 19:17:35] crowsnest:		device: /dev/video0
[11/08/24 19:17:35] crowsnest:		resolution: 640x480
[11/08/24 19:17:35] crowsnest:		max_fps: 15
[11/08/24 19:17:35] crowsnest: INFO: Detect available Devices
[11/08/24 19:17:35] crowsnest: ERROR: No usable Devices Found. Stopping crowsnest.
[11/08/24 19:17:41] crowsnest: crowsnest - A webcam Service for multiple Cams and Stream Services.
[11/08/24 19:17:41] crowsnest: Version: v4.1.6-1-ge96cd46
[11/08/24 19:17:41] crowsnest: Prepare Startup ...
[11/08/24 19:17:41] crowsnest: INFO: Host information:
[11/08/24 19:17:41] crowsnest: Host Info: Distribution: BTT-CB1 2.3.4 Bullseye
[11/08/24 19:17:41] crowsnest: Host Info: Kernel: Linux 5.16.17-sun50iw9 aarch64
[11/08/24 19:17:41] crowsnest: Host Info: Available CPU Cores: 4
[11/08/24 19:17:41] crowsnest: Host Info: Available Memory: 1010636 kB
[11/08/24 19:17:41] crowsnest: Host Info: Diskspace (avail. / total): 25G / 29G
[11/08/24 19:17:41] crowsnest: INFO: Checking Dependencies
[11/08/24 19:17:41] crowsnest: Dependency: 'crudini' found in /usr/bin/crudini.
[11/08/24 19:17:41] crowsnest: Dependency: 'find' found in /usr/bin/find.
[11/08/24 19:17:41] crowsnest: Dependency: 'xargs' found in /usr/bin/xargs.
[11/08/24 19:17:42] crowsnest: Dependency: 'ustreamer.bin' found in bin/ustreamer/ustreamer.bin.
[11/08/24 19:17:42] crowsnest: Version Control: ustreamer new version available: 8f0acb2 (v5.57).
[11/08/24 19:17:42] crowsnest: INFO: Print Configfile: '/home/biqu/printer_data/config/crowsnest.conf'
[11/08/24 19:17:42] crowsnest:		[crowsnest]
[11/08/24 19:17:42] crowsnest:		log_path: /home/biqu/printer_data/logs/crowsnest.log
[11/08/24 19:17:42] crowsnest:		log_level: verbose
[11/08/24 19:17:42] crowsnest:		delete_log: false
[11/08/24 19:17:42] crowsnest:		no_proxy: false
[11/08/24 19:17:42] crowsnest:		
[11/08/24 19:17:42] crowsnest:		[cam 1]
[11/08/24 19:17:42] crowsnest:		mode: ustreamer
[11/08/24 19:17:42] crowsnest:		
[11/08/24 19:17:42] crowsnest:		enable_rtsp: false
[11/08/24 19:17:42] crowsnest:		rtsp_port: 8554
[11/08/24 19:17:42] crowsnest:		port: 8080
[11/08/24 19:17:42] crowsnest:		device: /dev/video0
[11/08/24 19:17:42] crowsnest:		resolution: 640x480
[11/08/24 19:17:42] crowsnest:		max_fps: 15
[11/08/24 19:17:42] crowsnest: INFO: Detect available Devices
[11/08/24 19:17:42] crowsnest: ERROR: No usable Devices Found. Stopping crowsnest.
[11/08/24 19:17:48] crowsnest: crowsnest - A webcam Service for multiple Cams and Stream Services.
[11/08/24 19:17:48] crowsnest: Version: v4.1.6-1-ge96cd46
[11/08/24 19:17:48] crowsnest: Prepare Startup ...
[11/08/24 19:17:48] crowsnest: INFO: Host information:
[11/08/24 19:17:48] crowsnest: Host Info: Distribution: BTT-CB1 2.3.4 Bullseye
[11/08/24 19:17:48] crowsnest: Host Info: Kernel: Linux 5.16.17-sun50iw9 aarch64
[11/08/24 19:17:48] crowsnest: Host Info: Available CPU Cores: 4
[11/08/24 19:17:48] crowsnest: Host Info: Available Memory: 1010636 kB
[11/08/24 19:17:48] crowsnest: Host Info: Diskspace (avail. / total): 25G / 29G
[11/08/24 19:17:48] crowsnest: INFO: Checking Dependencies
[11/08/24 19:17:48] crowsnest: Dependency: 'crudini' found in /usr/bin/crudini.
[11/08/24 19:17:48] crowsnest: Dependency: 'find' found in /usr/bin/find.
[11/08/24 19:17:48] crowsnest: Dependency: 'xargs' found in /usr/bin/xargs.
[11/08/24 19:17:48] crowsnest: Dependency: 'ustreamer.bin' found in bin/ustreamer/ustreamer.bin.
[11/08/24 19:17:48] crowsnest: Version Control: ustreamer new version available: 8f0acb2 (v5.57).
[11/08/24 19:17:48] crowsnest: INFO: Print Configfile: '/home/biqu/printer_data/config/crowsnest.conf'
[11/08/24 19:17:48] crowsnest:		[crowsnest]
[11/08/24 19:17:48] crowsnest:		log_path: /home/biqu/printer_data/logs/crowsnest.log
[11/08/24 19:17:48] crowsnest:		log_level: verbose
[11/08/24 19:17:48] crowsnest:		delete_log: false
[11/08/24 19:17:48] crowsnest:		no_proxy: false
[11/08/24 19:17:48] crowsnest:		
[11/08/24 19:17:48] crowsnest:		[cam 1]
[11/08/24 19:17:48] crowsnest:		mode: ustreamer
[11/08/24 19:17:48] crowsnest:		
[11/08/24 19:17:48] crowsnest:		enable_rtsp: false
[11/08/24 19:17:48] crowsnest:		rtsp_port: 8554
[11/08/24 19:17:48] crowsnest:		port: 8080
[11/08/24 19:17:48] crowsnest:		device: /dev/video0
[11/08/24 19:17:48] crowsnest:		resolution: 640x480
[11/08/24 19:17:48] crowsnest:		max_fps: 15
[11/08/24 19:17:48] crowsnest: INFO: Detect available Devices
[11/08/24 19:17:48] crowsnest: ERROR: No usable Devices Found. Stopping crowsnest.
[11/08/24 19:17:55] crowsnest: crowsnest - A webcam Service for multiple Cams and Stream Services.
[11/08/24 19:17:55] crowsnest: Version: v4.1.6-1-ge96cd46
[11/08/24 19:17:55] crowsnest: Prepare Startup ...
[11/08/24 19:17:55] crowsnest: INFO: Host information:
[11/08/24 19:17:55] crowsnest: Host Info: Distribution: BTT-CB1 2.3.4 Bullseye
[11/08/24 19:17:55] crowsnest: Host Info: Kernel: Linux 5.16.17-sun50iw9 aarch64
[11/08/24 19:17:55] crowsnest: Host Info: Available CPU Cores: 4
[11/08/24 19:17:55] crowsnest: Host Info: Available Memory: 1010636 kB
[11/08/24 19:17:55] crowsnest: Host Info: Diskspace (avail. / total): 25G / 29G
[11/08/24 19:17:55] crowsnest: INFO: Checking Dependencies
[11/08/24 19:17:55] crowsnest: Dependency: 'crudini' found in /usr/bin/crudini.
[11/08/24 19:17:55] crowsnest: Dependency: 'find' found in /usr/bin/find.
[11/08/24 19:17:55] crowsnest: Dependency: 'xargs' found in /usr/bin/xargs.
[11/08/24 19:17:55] crowsnest: Dependency: 'ustreamer.bin' found in bin/ustreamer/ustreamer.bin.
[11/08/24 19:17:55] crowsnest: Version Control: ustreamer new version available: 8f0acb2 (v5.57).
[11/08/24 19:17:55] crowsnest: INFO: Print Configfile: '/home/biqu/printer_data/config/crowsnest.conf'
[11/08/24 19:17:55] crowsnest:		[crowsnest]
[11/08/24 19:17:55] crowsnest:		log_path: /home/biqu/printer_data/logs/crowsnest.log
[11/08/24 19:17:55] crowsnest:		log_level: verbose
[11/08/24 19:17:55] crowsnest:		delete_log: false
[11/08/24 19:17:55] crowsnest:		no_proxy: false
[11/08/24 19:17:55] crowsnest:		
[11/08/24 19:17:55] crowsnest:		[cam 1]
[11/08/24 19:17:55] crowsnest:		mode: ustreamer
[11/08/24 19:17:55] crowsnest:		
[11/08/24 19:17:55] crowsnest:		enable_rtsp: false
[11/08/24 19:17:55] crowsnest:		rtsp_port: 8554
[11/08/24 19:17:55] crowsnest:		port: 8080
[11/08/24 19:17:55] crowsnest:		device: /dev/video0
[11/08/24 19:17:55] crowsnest:		resolution: 640x480
[11/08/24 19:17:55] crowsnest:		max_fps: 15
[11/08/24 19:17:55] crowsnest: INFO: Detect available Devices
[11/08/24 19:17:55] crowsnest: ERROR: No usable Devices Found. Stopping crowsnest.
[11/08/24 19:18:01] crowsnest: crowsnest - A webcam Service for multiple Cams and Stream Services.
[11/08/24 19:18:02] crowsnest: Version: v4.1.6-1-ge96cd46
[11/08/24 19:18:02] crowsnest: Prepare Startup ...
[11/08/24 19:18:02] crowsnest: INFO: Host information:
[11/08/24 19:18:02] crowsnest: Host Info: Distribution: BTT-CB1 2.3.4 Bullseye
[11/08/24 19:18:02] crowsnest: Host Info: Kernel: Linux 5.16.17-sun50iw9 aarch64
[11/08/24 19:18:02] crowsnest: Host Info: Available CPU Cores: 4
[11/08/24 19:18:02] crowsnest: Host Info: Available Memory: 1010636 kB
[11/08/24 19:18:02] crowsnest: Host Info: Diskspace (avail. / total): 25G / 29G
[11/08/24 19:18:02] crowsnest: INFO: Checking Dependencies
[11/08/24 19:18:02] crowsnest: Dependency: 'crudini' found in /usr/bin/crudini.
[11/08/24 19:18:02] crowsnest: Dependency: 'find' found in /usr/bin/find.
[11/08/24 19:18:02] crowsnest: Dependency: 'xargs' found in /usr/bin/xargs.
[11/08/24 19:18:02] crowsnest: Dependency: 'ustreamer.bin' found in bin/ustreamer/ustreamer.bin.
[11/08/24 19:18:02] crowsnest: Version Control: ustreamer new version available: 8f0acb2 (v5.57).
[11/08/24 19:18:02] crowsnest: INFO: Print Configfile: '/home/biqu/printer_data/config/crowsnest.conf'
[11/08/24 19:18:02] crowsnest:		[crowsnest]
[11/08/24 19:18:02] crowsnest:		log_path: /home/biqu/printer_data/logs/crowsnest.log
[11/08/24 19:18:02] crowsnest:		log_level: verbose
[11/08/24 19:18:02] crowsnest:		delete_log: false
[11/08/24 19:18:02] crowsnest:		no_proxy: false
[11/08/24 19:18:02] crowsnest:		
[11/08/24 19:18:02] crowsnest:		[cam 1]
[11/08/24 19:18:02] crowsnest:		mode: ustreamer
[11/08/24 19:18:02] crowsnest:		
[11/08/24 19:18:02] crowsnest:		enable_rtsp: false
[11/08/24 19:18:02] crowsnest:		rtsp_port: 8554
[11/08/24 19:18:02] crowsnest:		port: 8080
[11/08/24 19:18:02] crowsnest:		device: /dev/video0
[11/08/24 19:18:02] crowsnest:		resolution: 640x480
[11/08/24 19:18:02] crowsnest:		max_fps: 15
[11/08/24 19:18:02] crowsnest: INFO: Detect available Devices
[11/08/24 19:18:02] crowsnest: ERROR: No usable Devices Found. Stopping crowsnest.
[11/08/24 19:18:08] crowsnest: crowsnest - A webcam Service for multiple Cams and Stream Services.
[11/08/24 19:18:08] crowsnest: Version: v4.1.6-1-ge96cd46
[11/08/24 19:18:08] crowsnest: Prepare Startup ...
[11/08/24 19:18:08] crowsnest: INFO: Host information:
[11/08/24 19:18:08] crowsnest: Host Info: Distribution: BTT-CB1 2.3.4 Bullseye
[11/08/24 19:18:08] crowsnest: Host Info: Kernel: Linux 5.16.17-sun50iw9 aarch64
[11/08/24 19:18:08] crowsnest: Host Info: Available CPU Cores: 4
[11/08/24 19:18:08] crowsnest: Host Info: Available Memory: 1010636 kB
[11/08/24 19:18:08] crowsnest: Host Info: Diskspace (avail. / total): 25G / 29G
[11/08/24 19:18:08] crowsnest: INFO: Checking Dependencies
[11/08/24 19:18:08] crowsnest: Dependency: 'crudini' found in /usr/bin/crudini.
[11/08/24 19:18:08] crowsnest: Dependency: 'find' found in /usr/bin/find.
[11/08/24 19:18:08] crowsnest: Dependency: 'xargs' found in /usr/bin/xargs.
[11/08/24 19:18:08] crowsnest: Dependency: 'ustreamer.bin' found in bin/ustreamer/ustreamer.bin.
[11/08/24 19:18:08] crowsnest: Version Control: ustreamer new version available: 8f0acb2 (v5.57).
[11/08/24 19:18:09] crowsnest: INFO: Print Configfile: '/home/biqu/printer_data/config/crowsnest.conf'
[11/08/24 19:18:08] crowsnest:		[crowsnest]
[11/08/24 19:18:08] crowsnest:		log_path: /home/biqu/printer_data/logs/crowsnest.log
[11/08/24 19:18:08] crowsnest:		log_level: verbose
[11/08/24 19:18:08] crowsnest:		delete_log: false
[11/08/24 19:18:08] crowsnest:		no_proxy: false
[11/08/24 19:18:08] crowsnest:		
[11/08/24 19:18:08] crowsnest:		[cam 1]
[11/08/24 19:18:08] crowsnest:		mode: ustreamer
[11/08/24 19:18:08] crowsnest:		
[11/08/24 19:18:08] crowsnest:		enable_rtsp: false
[11/08/24 19:18:08] crowsnest:		rtsp_port: 8554
[11/08/24 19:18:08] crowsnest:		port: 8080
[11/08/24 19:18:08] crowsnest:		device: /dev/video0
[11/08/24 19:18:08] crowsnest:		resolution: 640x480
[11/08/24 19:18:08] crowsnest:		max_fps: 15
[11/08/24 19:18:09] crowsnest: INFO: Detect available Devices
[11/08/24 19:18:09] crowsnest: ERROR: No usable Devices Found. Stopping crowsnest.
[11/08/24 19:18:15] crowsnest: crowsnest - A webcam Service for multiple Cams and Stream Services.
[11/08/24 19:18:15] crowsnest: Version: v4.1.6-1-ge96cd46
[11/08/24 19:18:15] crowsnest: Prepare Startup ...
[11/08/24 19:18:15] crowsnest: INFO: Host information:
[11/08/24 19:18:15] crowsnest: Host Info: Distribution: BTT-CB1 2.3.4 Bullseye
[11/08/24 19:18:15] crowsnest: Host Info: Kernel: Linux 5.16.17-sun50iw9 aarch64
[11/08/24 19:18:15] crowsnest: Host Info: Available CPU Cores: 4
[11/08/24 19:18:15] crowsnest: Host Info: Available Memory: 1010636 kB
[11/08/24 19:18:15] crowsnest: Host Info: Diskspace (avail. / total): 25G / 29G
[11/08/24 19:18:15] crowsnest: INFO: Checking Dependencies
[11/08/24 19:18:15] crowsnest: Dependency: 'crudini' found in /usr/bin/crudini.
[11/08/24 19:18:15] crowsnest: Dependency: 'find' found in /usr/bin/find.
[11/08/24 19:18:15] crowsnest: Dependency: 'xargs' found in /usr/bin/xargs.
[11/08/24 19:18:15] crowsnest: Dependency: 'ustreamer.bin' found in bin/ustreamer/ustreamer.bin.
[11/08/24 19:18:15] crowsnest: Version Control: ustreamer new version available: 8f0acb2 (v5.57).
[11/08/24 19:18:15] crowsnest: INFO: Print Configfile: '/home/biqu/printer_data/config/crowsnest.conf'
[11/08/24 19:18:15] crowsnest:		[crowsnest]
[11/08/24 19:18:15] crowsnest:		log_path: /home/biqu/printer_data/logs/crowsnest.log
[11/08/24 19:18:15] crowsnest:		log_level: verbose
[11/08/24 19:18:15] crowsnest:		delete_log: false
[11/08/24 19:18:15] crowsnest:		no_proxy: false
[11/08/24 19:18:15] crowsnest:		
[11/08/24 19:18:15] crowsnest:		[cam 1]
[11/08/24 19:18:15] crowsnest:		mode: ustreamer
[11/08/24 19:18:15] crowsnest:		
[11/08/24 19:18:15] crowsnest:		enable_rtsp: false
[11/08/24 19:18:15] crowsnest:		rtsp_port: 8554
[11/08/24 19:18:15] crowsnest:		port: 8080
[11/08/24 19:18:15] crowsnest:		device: /dev/video0
[11/08/24 19:18:15] crowsnest:		resolution: 640x480
[11/08/24 19:18:15] crowsnest:		max_fps: 15
[11/08/24 19:18:15] crowsnest: INFO: Detect available Devices
[11/08/24 19:18:15] crowsnest: ERROR: No usable Devices Found. Stopping crowsnest.
[11/11/24 23:16:13] crowsnest: crowsnest - A webcam Service for multiple Cams and Stream Services.
[11/11/24 23:16:14] crowsnest: Version: v4.1.6-1-ge96cd46
[11/11/24 23:16:14] crowsnest: Prepare Startup ...
[11/11/24 23:16:14] crowsnest: INFO: Host information:
[11/11/24 23:16:14] crowsnest: Host Info: Distribution: BTT-CB1 2.3.4 Bullseye
[11/11/24 23:16:14] crowsnest: Host Info: Kernel: Linux 5.16.17-sun50iw9 aarch64
[11/11/24 23:16:14] crowsnest: Host Info: Available CPU Cores: 4
[11/11/24 23:16:14] crowsnest: Host Info: Available Memory: 1010636 kB
[11/11/24 23:16:14] crowsnest: Host Info: Diskspace (avail. / total): 25G / 29G
[11/11/24 23:16:14] crowsnest: INFO: Checking Dependencies
[11/11/24 23:16:14] crowsnest: Dependency: 'crudini' found in /usr/bin/crudini.
[11/11/24 23:16:14] crowsnest: Dependency: 'find' found in /usr/bin/find.
[11/11/24 23:16:14] crowsnest: Dependency: 'xargs' found in /usr/bin/xargs.
[11/11/24 23:16:14] crowsnest: Dependency: 'ustreamer.bin' found in bin/ustreamer/ustreamer.bin.
[11/11/24 23:16:14] crowsnest: Version Control: ustreamer new version available: 8f0acb2 (v5.57).
[11/11/24 23:16:14] crowsnest: INFO: Print Configfile: '/home/biqu/printer_data/config/crowsnest.conf'
[11/11/24 23:16:14] crowsnest:		[crowsnest]
[11/11/24 23:16:14] crowsnest:		log_path: /home/biqu/printer_data/logs/crowsnest.log
[11/11/24 23:16:14] crowsnest:		log_level: verbose
[11/11/24 23:16:14] crowsnest:		delete_log: false
[11/11/24 23:16:14] crowsnest:		no_proxy: false
[11/11/24 23:16:14] crowsnest:		
[11/11/24 23:16:14] crowsnest:		[cam 1]
[11/11/24 23:16:14] crowsnest:		mode: ustreamer
[11/11/24 23:16:14] crowsnest:		
[11/11/24 23:16:14] crowsnest:		enable_rtsp: false
[11/11/24 23:16:14] crowsnest:		rtsp_port: 8554
[11/11/24 23:16:14] crowsnest:		port: 8080
[11/11/24 23:16:14] crowsnest:		device: /dev/video0
[11/11/24 23:16:14] crowsnest:		resolution: 640x480
[11/11/24 23:16:14] crowsnest:		max_fps: 15
[11/11/24 23:16:14] crowsnest: INFO: Detect available Devices
[11/11/24 23:16:14] crowsnest: ERROR: No usable Devices Found. Stopping crowsnest.
[11/11/24 23:16:20] crowsnest: crowsnest - A webcam Service for multiple Cams and Stream Services.
[11/11/24 23:16:20] crowsnest: Version: v4.1.6-1-ge96cd46
[11/11/24 23:16:20] crowsnest: Prepare Startup ...
[11/11/24 23:16:20] crowsnest: INFO: Host information:
[11/11/24 23:16:20] crowsnest: Host Info: Distribution: BTT-CB1 2.3.4 Bullseye
[11/11/24 23:16:20] crowsnest: Host Info: Kernel: Linux 5.16.17-sun50iw9 aarch64
[11/11/24 23:16:20] crowsnest: Host Info: Available CPU Cores: 4
[11/11/24 23:16:20] crowsnest: Host Info: Available Memory: 1010636 kB
[11/11/24 23:16:20] crowsnest: Host Info: Diskspace (avail. / total): 25G / 29G
[11/11/24 23:16:20] crowsnest: INFO: Checking Dependencies
[11/11/24 23:16:20] crowsnest: Dependency: 'crudini' found in /usr/bin/crudini.
[11/11/24 23:16:20] crowsnest: Dependency: 'find' found in /usr/bin/find.
[11/11/24 23:16:20] crowsnest: Dependency: 'xargs' found in /usr/bin/xargs.
[11/11/24 23:16:20] crowsnest: Dependency: 'ustreamer.bin' found in bin/ustreamer/ustreamer.bin.
[11/11/24 23:16:21] crowsnest: Version Control: ustreamer new version available: 8f0acb2 (v5.57).
[11/11/24 23:16:21] crowsnest: INFO: Print Configfile: '/home/biqu/printer_data/config/crowsnest.conf'
[11/11/24 23:16:21] crowsnest:		[crowsnest]
[11/11/24 23:16:21] crowsnest:		log_path: /home/biqu/printer_data/logs/crowsnest.log
[11/11/24 23:16:21] crowsnest:		log_level: verbose
[11/11/24 23:16:21] crowsnest:		delete_log: false
[11/11/24 23:16:21] crowsnest:		no_proxy: false
[11/11/24 23:16:21] crowsnest:		
[11/11/24 23:16:21] crowsnest:		[cam 1]
[11/11/24 23:16:21] crowsnest:		mode: ustreamer
[11/11/24 23:16:21] crowsnest:		
[11/11/24 23:16:21] crowsnest:		enable_rtsp: false
[11/11/24 23:16:21] crowsnest:		rtsp_port: 8554
[11/11/24 23:16:21] crowsnest:		port: 8080
[11/11/24 23:16:21] crowsnest:		device: /dev/video0
[11/11/24 23:16:21] crowsnest:		resolution: 640x480
[11/11/24 23:16:21] crowsnest:		max_fps: 15
[11/11/24 23:16:21] crowsnest: INFO: Detect available Devices
[11/11/24 23:16:21] crowsnest: ERROR: No usable Devices Found. Stopping crowsnest.
[11/12/24 01:21:20] crowsnest: crowsnest - A webcam Service for multiple Cams and Stream Services.
[11/12/24 01:21:20] crowsnest: Version: v4.1.6-1-ge96cd46
[11/12/24 01:21:20] crowsnest: Prepare Startup ...
[11/12/24 01:21:20] crowsnest: INFO: Host information:
[11/12/24 01:21:20] crowsnest: Host Info: Distribution: BTT-CB1 2.3.4 Bullseye
[11/12/24 01:21:21] crowsnest: Host Info: Kernel: Linux 5.16.17-sun50iw9 aarch64
[11/12/24 01:21:21] crowsnest: Host Info: Available CPU Cores: 4
[11/12/24 01:21:21] crowsnest: Host Info: Available Memory: 1010636 kB
[11/12/24 01:21:21] crowsnest: Host Info: Diskspace (avail. / total): 25G / 29G
[11/12/24 01:21:21] crowsnest: INFO: Checking Dependencies
[11/12/24 01:21:22] crowsnest: Dependency: 'crudini' found in /usr/bin/crudini.
[11/12/24 01:21:22] crowsnest: Dependency: 'find' found in /usr/bin/find.
[11/12/24 01:21:22] crowsnest: Dependency: 'xargs' found in /usr/bin/xargs.
[11/12/24 01:21:22] crowsnest: Dependency: 'ustreamer.bin' found in bin/ustreamer/ustreamer.bin.
[11/12/24 01:21:23] crowsnest: Version Control: ustreamer new version available: 8f0acb2 (v5.57).
[11/12/24 01:21:23] crowsnest: INFO: Print Configfile: '/home/biqu/printer_data/config/crowsnest.conf'
[11/12/24 01:21:23] crowsnest:		[crowsnest]
[11/12/24 01:21:23] crowsnest:		log_path: /home/biqu/printer_data/logs/crowsnest.log
[11/12/24 01:21:23] crowsnest:		log_level: verbose
[11/12/24 01:21:23] crowsnest:		delete_log: false
[11/12/24 01:21:23] crowsnest:		no_proxy: false
[11/12/24 01:21:23] crowsnest:		
[11/12/24 01:21:23] crowsnest:		[cam 1]
[11/12/24 01:21:23] crowsnest:		mode: ustreamer
[11/12/24 01:21:23] crowsnest:		
[11/12/24 01:21:23] crowsnest:		enable_rtsp: false
[11/12/24 01:21:23] crowsnest:		rtsp_port: 8554
[11/12/24 01:21:23] crowsnest:		port: 8080
[11/12/24 01:21:23] crowsnest:		device: /dev/video0
[11/12/24 01:21:23] crowsnest:		resolution: 640x480
[11/12/24 01:21:23] crowsnest:		max_fps: 15
[11/12/24 01:21:23] crowsnest: INFO: Detect available Devices
[11/12/24 01:21:23] crowsnest: ERROR: No usable Devices Found. Stopping crowsnest.
[11/12/24 01:21:30] crowsnest: crowsnest - A webcam Service for multiple Cams and Stream Services.
[11/12/24 01:21:30] crowsnest: Version: v4.1.6-1-ge96cd46
[11/12/24 01:21:30] crowsnest: Prepare Startup ...
[11/12/24 01:21:30] crowsnest: INFO: Host information:
[11/12/24 01:21:30] crowsnest: Host Info: Distribution: BTT-CB1 2.3.4 Bullseye
[11/12/24 01:21:30] crowsnest: Host Info: Kernel: Linux 5.16.17-sun50iw9 aarch64
[11/12/24 01:21:30] crowsnest: Host Info: Available CPU Cores: 4
[11/12/24 01:21:30] crowsnest: Host Info: Available Memory: 1010636 kB
[11/12/24 01:21:30] crowsnest: Host Info: Diskspace (avail. / total): 25G / 29G
[11/12/24 01:21:30] crowsnest: INFO: Checking Dependencies
[11/12/24 01:21:30] crowsnest: Dependency: 'crudini' found in /usr/bin/crudini.
[11/12/24 01:21:30] crowsnest: Dependency: 'find' found in /usr/bin/find.
[11/12/24 01:21:30] crowsnest: Dependency: 'xargs' found in /usr/bin/xargs.
[11/12/24 01:21:30] crowsnest: Dependency: 'ustreamer.bin' found in bin/ustreamer/ustreamer.bin.
[11/12/24 01:21:30] crowsnest: Version Control: ustreamer new version available: 8f0acb2 (v5.57).
[11/12/24 01:21:30] crowsnest: INFO: Print Configfile: '/home/biqu/printer_data/config/crowsnest.conf'
[11/12/24 01:21:30] crowsnest:		[crowsnest]
[11/12/24 01:21:30] crowsnest:		log_path: /home/biqu/printer_data/logs/crowsnest.log
[11/12/24 01:21:30] crowsnest:		log_level: verbose
[11/12/24 01:21:30] crowsnest:		delete_log: false
[11/12/24 01:21:30] crowsnest:		no_proxy: false
[11/12/24 01:21:30] crowsnest:		
[11/12/24 01:21:30] crowsnest:		[cam 1]
[11/12/24 01:21:30] crowsnest:		mode: ustreamer
[11/12/24 01:21:30] crowsnest:		
[11/12/24 01:21:30] crowsnest:		enable_rtsp: false
[11/12/24 01:21:30] crowsnest:		rtsp_port: 8554
[11/12/24 01:21:30] crowsnest:		port: 8080
[11/12/24 01:21:30] crowsnest:		device: /dev/video0
[11/12/24 01:21:30] crowsnest:		resolution: 640x480
[11/12/24 01:21:30] crowsnest:		max_fps: 15
[11/12/24 01:21:30] crowsnest: INFO: Detect available Devices
[11/12/24 01:21:30] crowsnest: ERROR: No usable Devices Found. Stopping crowsnest.
[11/12/24 01:21:37] crowsnest: crowsnest - A webcam Service for multiple Cams and Stream Services.
[11/12/24 01:21:37] crowsnest: Version: v4.1.6-1-ge96cd46
[11/12/24 01:21:37] crowsnest: Prepare Startup ...
[11/12/24 01:21:37] crowsnest: INFO: Host information:
[11/12/24 01:21:37] crowsnest: Host Info: Distribution: BTT-CB1 2.3.4 Bullseye
[11/12/24 01:21:37] crowsnest: Host Info: Kernel: Linux 5.16.17-sun50iw9 aarch64
[11/12/24 01:21:37] crowsnest: Host Info: Available CPU Cores: 4
[11/12/24 01:21:37] crowsnest: Host Info: Available Memory: 1010636 kB
[11/12/24 01:21:37] crowsnest: Host Info: Diskspace (avail. / total): 25G / 29G
[11/12/24 01:21:37] crowsnest: INFO: Checking Dependencies
[11/12/24 01:21:37] crowsnest: Dependency: 'crudini' found in /usr/bin/crudini.
[11/12/24 01:21:37] crowsnest: Dependency: 'find' found in /usr/bin/find.
[11/12/24 01:21:37] crowsnest: Dependency: 'xargs' found in /usr/bin/xargs.
[11/12/24 01:21:37] crowsnest: Dependency: 'ustreamer.bin' found in bin/ustreamer/ustreamer.bin.
[11/12/24 01:21:37] crowsnest: Version Control: ustreamer new version available: 8f0acb2 (v5.57).
[11/12/24 01:21:37] crowsnest: INFO: Print Configfile: '/home/biqu/printer_data/config/crowsnest.conf'
[11/12/24 01:21:37] crowsnest:		[crowsnest]
[11/12/24 01:21:37] crowsnest:		log_path: /home/biqu/printer_data/logs/crowsnest.log
[11/12/24 01:21:37] crowsnest:		log_level: verbose
[11/12/24 01:21:37] crowsnest:		delete_log: false
[11/12/24 01:21:37] crowsnest:		no_proxy: false
[11/12/24 01:21:37] crowsnest:		
[11/12/24 01:21:37] crowsnest:		[cam 1]
[11/12/24 01:21:37] crowsnest:		mode: ustreamer
[11/12/24 01:21:37] crowsnest:		
[11/12/24 01:21:37] crowsnest:		enable_rtsp: false
[11/12/24 01:21:37] crowsnest:		rtsp_port: 8554
[11/12/24 01:21:37] crowsnest:		port: 8080
[11/12/24 01:21:37] crowsnest:		device: /dev/video0
[11/12/24 01:21:37] crowsnest:		resolution: 640x480
[11/12/24 01:21:37] crowsnest:		max_fps: 15
[11/12/24 01:21:37] crowsnest: INFO: Detect available Devices
[11/12/24 01:21:37] crowsnest: ERROR: No usable Devices Found. Stopping crowsnest.
[11/12/24 01:21:44] crowsnest: crowsnest - A webcam Service for multiple Cams and Stream Services.
[11/12/24 01:21:44] crowsnest: Version: v4.1.6-1-ge96cd46
[11/12/24 01:21:44] crowsnest: Prepare Startup ...
[11/12/24 01:21:44] crowsnest: INFO: Host information:
[11/12/24 01:21:44] crowsnest: Host Info: Distribution: BTT-CB1 2.3.4 Bullseye
[11/12/24 01:21:44] crowsnest: Host Info: Kernel: Linux 5.16.17-sun50iw9 aarch64
[11/12/24 01:21:44] crowsnest: Host Info: Available CPU Cores: 4
[11/12/24 01:21:44] crowsnest: Host Info: Available Memory: 1010636 kB
[11/12/24 01:21:44] crowsnest: Host Info: Diskspace (avail. / total): 25G / 29G
[11/12/24 01:21:44] crowsnest: INFO: Checking Dependencies
[11/12/24 01:21:44] crowsnest: Dependency: 'crudini' found in /usr/bin/crudini.
[11/12/24 01:21:44] crowsnest: Dependency: 'find' found in /usr/bin/find.
[11/12/24 01:21:44] crowsnest: Dependency: 'xargs' found in /usr/bin/xargs.
[11/12/24 01:21:44] crowsnest: Dependency: 'ustreamer.bin' found in bin/ustreamer/ustreamer.bin.
[11/12/24 01:21:44] crowsnest: Version Control: ustreamer new version available: 8f0acb2 (v5.57).
[11/12/24 01:21:44] crowsnest: INFO: Print Configfile: '/home/biqu/printer_data/config/crowsnest.conf'
[11/12/24 01:21:44] crowsnest:		[crowsnest]
[11/12/24 01:21:44] crowsnest:		log_path: /home/biqu/printer_data/logs/crowsnest.log
[11/12/24 01:21:44] crowsnest:		log_level: verbose
[11/12/24 01:21:44] crowsnest:		delete_log: false
[11/12/24 01:21:44] crowsnest:		no_proxy: false
[11/12/24 01:21:44] crowsnest:		
[11/12/24 01:21:44] crowsnest:		[cam 1]
[11/12/24 01:21:44] crowsnest:		mode: ustreamer
[11/12/24 01:21:44] crowsnest:		
[11/12/24 01:21:44] crowsnest:		enable_rtsp: false
[11/12/24 01:21:44] crowsnest:		rtsp_port: 8554
[11/12/24 01:21:44] crowsnest:		port: 8080
[11/12/24 01:21:44] crowsnest:		device: /dev/video0
[11/12/24 01:21:44] crowsnest:		resolution: 640x480
[11/12/24 01:21:44] crowsnest:		max_fps: 15
[11/12/24 01:21:44] crowsnest: INFO: Detect available Devices
[11/12/24 01:21:44] crowsnest: ERROR: No usable Devices Found. Stopping crowsnest.
[11/12/24 01:21:51] crowsnest: crowsnest - A webcam Service for multiple Cams and Stream Services.
[11/12/24 01:21:51] crowsnest: Version: v4.1.6-1-ge96cd46
[11/12/24 01:21:51] crowsnest: Prepare Startup ...
[11/12/24 01:21:51] crowsnest: INFO: Host information:
[11/12/24 01:21:51] crowsnest: Host Info: Distribution: BTT-CB1 2.3.4 Bullseye
[11/12/24 01:21:51] crowsnest: Host Info: Kernel: Linux 5.16.17-sun50iw9 aarch64
[11/12/24 01:21:51] crowsnest: Host Info: Available CPU Cores: 4
[11/12/24 01:21:51] crowsnest: Host Info: Available Memory: 1010636 kB
[11/12/24 01:21:51] crowsnest: Host Info: Diskspace (avail. / total): 25G / 29G
[11/12/24 01:21:51] crowsnest: INFO: Checking Dependencies
[11/12/24 01:21:51] crowsnest: Dependency: 'crudini' found in /usr/bin/crudini.
[11/12/24 01:21:51] crowsnest: Dependency: 'find' found in /usr/bin/find.
[11/12/24 01:21:51] crowsnest: Dependency: 'xargs' found in /usr/bin/xargs.
[11/12/24 01:21:51] crowsnest: Dependency: 'ustreamer.bin' found in bin/ustreamer/ustreamer.bin.
[11/12/24 01:21:51] crowsnest: Version Control: ustreamer new version available: 8f0acb2 (v5.57).
[11/12/24 01:21:51] crowsnest: INFO: Print Configfile: '/home/biqu/printer_data/config/crowsnest.conf'
[11/12/24 01:21:51] crowsnest:		[crowsnest]
[11/12/24 01:21:51] crowsnest:		log_path: /home/biqu/printer_data/logs/crowsnest.log
[11/12/24 01:21:51] crowsnest:		log_level: verbose
[11/12/24 01:21:51] crowsnest:		delete_log: false
[11/12/24 01:21:51] crowsnest:		no_proxy: false
[11/12/24 01:21:51] crowsnest:		
[11/12/24 01:21:51] crowsnest:		[cam 1]
[11/12/24 01:21:51] crowsnest:		mode: ustreamer
[11/12/24 01:21:51] crowsnest:		
[11/12/24 01:21:51] crowsnest:		enable_rtsp: false
[11/12/24 01:21:51] crowsnest:		rtsp_port: 8554
[11/12/24 01:21:51] crowsnest:		port: 8080
[11/12/24 01:21:51] crowsnest:		device: /dev/video0
[11/12/24 01:21:51] crowsnest:		resolution: 640x480
[11/12/24 01:21:51] crowsnest:		max_fps: 15
[11/12/24 01:21:51] crowsnest: INFO: Detect available Devices
[11/12/24 01:21:51] crowsnest: ERROR: No usable Devices Found. Stopping crowsnest.
[11/12/24 01:21:58] crowsnest: crowsnest - A webcam Service for multiple Cams and Stream Services.
[11/12/24 01:21:58] crowsnest: Version: v4.1.6-1-ge96cd46
[11/12/24 01:21:58] crowsnest: Prepare Startup ...
[11/12/24 01:21:58] crowsnest: INFO: Host information:
[11/12/24 01:21:58] crowsnest: Host Info: Distribution: BTT-CB1 2.3.4 Bullseye
[11/12/24 01:21:58] crowsnest: Host Info: Kernel: Linux 5.16.17-sun50iw9 aarch64
[11/12/24 01:21:58] crowsnest: Host Info: Available CPU Cores: 4
[11/12/24 01:21:58] crowsnest: Host Info: Available Memory: 1010636 kB
[11/12/24 01:21:58] crowsnest: Host Info: Diskspace (avail. / total): 25G / 29G
[11/12/24 01:21:58] crowsnest: INFO: Checking Dependencies
[11/12/24 01:21:58] crowsnest: Dependency: 'crudini' found in /usr/bin/crudini.
[11/12/24 01:21:58] crowsnest: Dependency: 'find' found in /usr/bin/find.
[11/12/24 01:21:58] crowsnest: Dependency: 'xargs' found in /usr/bin/xargs.
[11/12/24 01:21:58] crowsnest: Dependency: 'ustreamer.bin' found in bin/ustreamer/ustreamer.bin.
[11/12/24 01:21:58] crowsnest: Version Control: ustreamer new version available: 8f0acb2 (v5.57).
[11/12/24 01:21:58] crowsnest: INFO: Print Configfile: '/home/biqu/printer_data/config/crowsnest.conf'
[11/12/24 01:21:58] crowsnest:		[crowsnest]
[11/12/24 01:21:58] crowsnest:		log_path: /home/biqu/printer_data/logs/crowsnest.log
[11/12/24 01:21:58] crowsnest:		log_level: verbose
[11/12/24 01:21:58] crowsnest:		delete_log: false
[11/12/24 01:21:58] crowsnest:		no_proxy: false
[11/12/24 01:21:58] crowsnest:		
[11/12/24 01:21:58] crowsnest:		[cam 1]
[11/12/24 01:21:58] crowsnest:		mode: ustreamer
[11/12/24 01:21:58] crowsnest:		
[11/12/24 01:21:58] crowsnest:		enable_rtsp: false
[11/12/24 01:21:58] crowsnest:		rtsp_port: 8554
[11/12/24 01:21:58] crowsnest:		port: 8080
[11/12/24 01:21:58] crowsnest:		device: /dev/video0
[11/12/24 01:21:58] crowsnest:		resolution: 640x480
[11/12/24 01:21:58] crowsnest:		max_fps: 15
[11/12/24 01:21:58] crowsnest: INFO: Detect available Devices
[11/12/24 01:21:58] crowsnest: ERROR: No usable Devices Found. Stopping crowsnest.
[11/12/24 01:22:04] crowsnest: crowsnest - A webcam Service for multiple Cams and Stream Services.
[11/12/24 01:22:04] crowsnest: Version: v4.1.6-1-ge96cd46
[11/12/24 01:22:04] crowsnest: Prepare Startup ...
[11/12/24 01:22:04] crowsnest: INFO: Host information:
[11/12/24 01:22:04] crowsnest: Host Info: Distribution: BTT-CB1 2.3.4 Bullseye
[11/12/24 01:22:04] crowsnest: Host Info: Kernel: Linux 5.16.17-sun50iw9 aarch64
[11/12/24 01:22:04] crowsnest: Host Info: Available CPU Cores: 4
[11/12/24 01:22:04] crowsnest: Host Info: Available Memory: 1010636 kB
[11/12/24 01:22:05] crowsnest: Host Info: Diskspace (avail. / total): 25G / 29G
[11/12/24 01:22:05] crowsnest: INFO: Checking Dependencies
[11/12/24 01:22:05] crowsnest: Dependency: 'crudini' found in /usr/bin/crudini.
[11/12/24 01:22:05] crowsnest: Dependency: 'find' found in /usr/bin/find.
[11/12/24 01:22:05] crowsnest: Dependency: 'xargs' found in /usr/bin/xargs.
[11/12/24 01:22:05] crowsnest: Dependency: 'ustreamer.bin' found in bin/ustreamer/ustreamer.bin.
[11/12/24 01:22:05] crowsnest: Version Control: ustreamer new version available: 8f0acb2 (v5.57).
[11/12/24 01:22:05] crowsnest: INFO: Print Configfile: '/home/biqu/printer_data/config/crowsnest.conf'
[11/12/24 01:22:05] crowsnest:		[crowsnest]
[11/12/24 01:22:05] crowsnest:		log_path: /home/biqu/printer_data/logs/crowsnest.log
[11/12/24 01:22:05] crowsnest:		log_level: verbose
[11/12/24 01:22:05] crowsnest:		delete_log: false
[11/12/24 01:22:05] crowsnest:		no_proxy: false
[11/12/24 01:22:05] crowsnest:		
[11/12/24 01:22:05] crowsnest:		[cam 1]
[11/12/24 01:22:05] crowsnest:		mode: ustreamer
[11/12/24 01:22:05] crowsnest:		
[11/12/24 01:22:05] crowsnest:		enable_rtsp: false
[11/12/24 01:22:05] crowsnest:		rtsp_port: 8554
[11/12/24 01:22:05] crowsnest:		port: 8080
[11/12/24 01:22:05] crowsnest:		device: /dev/video0
[11/12/24 01:22:05] crowsnest:		resolution: 640x480
[11/12/24 01:22:05] crowsnest:		max_fps: 15
[11/12/24 01:22:05] crowsnest: INFO: Detect available Devices
[11/12/24 01:22:05] crowsnest: ERROR: No usable Devices Found. Stopping crowsnest.
[11/12/24 01:22:11] crowsnest: crowsnest - A webcam Service for multiple Cams and Stream Services.
[11/12/24 01:22:11] crowsnest: Version: v4.1.6-1-ge96cd46
[11/12/24 01:22:11] crowsnest: Prepare Startup ...
[11/12/24 01:22:11] crowsnest: INFO: Host information:
[11/12/24 01:22:11] crowsnest: Host Info: Distribution: BTT-CB1 2.3.4 Bullseye
[11/12/24 01:22:11] crowsnest: Host Info: Kernel: Linux 5.16.17-sun50iw9 aarch64
[11/12/24 01:22:11] crowsnest: Host Info: Available CPU Cores: 4
[11/12/24 01:22:11] crowsnest: Host Info: Available Memory: 1010636 kB
[11/12/24 01:22:11] crowsnest: Host Info: Diskspace (avail. / total): 25G / 29G
[11/12/24 01:22:11] crowsnest: INFO: Checking Dependencies
[11/12/24 01:22:11] crowsnest: Dependency: 'crudini' found in /usr/bin/crudini.
[11/12/24 01:22:11] crowsnest: Dependency: 'find' found in /usr/bin/find.
[11/12/24 01:22:11] crowsnest: Dependency: 'xargs' found in /usr/bin/xargs.
[11/12/24 01:22:11] crowsnest: Dependency: 'ustreamer.bin' found in bin/ustreamer/ustreamer.bin.
[11/12/24 01:22:11] crowsnest: Version Control: ustreamer new version available: 8f0acb2 (v5.57).
[11/12/24 01:22:11] crowsnest: INFO: Print Configfile: '/home/biqu/printer_data/config/crowsnest.conf'
[11/12/24 01:22:11] crowsnest:		[crowsnest]
[11/12/24 01:22:11] crowsnest:		log_path: /home/biqu/printer_data/logs/crowsnest.log
[11/12/24 01:22:11] crowsnest:		log_level: verbose
[11/12/24 01:22:11] crowsnest:		delete_log: false
[11/12/24 01:22:11] crowsnest:		no_proxy: false
[11/12/24 01:22:11] crowsnest:		
[11/12/24 01:22:11] crowsnest:		[cam 1]
[11/12/24 01:22:11] crowsnest:		mode: ustreamer
[11/12/24 01:22:11] crowsnest:		
[11/12/24 01:22:11] crowsnest:		enable_rtsp: false
[11/12/24 01:22:11] crowsnest:		rtsp_port: 8554
[11/12/24 01:22:11] crowsnest:		port: 8080
[11/12/24 01:22:11] crowsnest:		device: /dev/video0
[11/12/24 01:22:11] crowsnest:		resolution: 640x480
[11/12/24 01:22:11] crowsnest:		max_fps: 15
[11/12/24 01:22:11] crowsnest: INFO: Detect available Devices
[11/12/24 01:22:11] crowsnest: ERROR: No usable Devices Found. Stopping crowsnest.
[11/12/24 01:22:18] crowsnest: crowsnest - A webcam Service for multiple Cams and Stream Services.
[11/12/24 01:22:18] crowsnest: Version: v4.1.6-1-ge96cd46
[11/12/24 01:22:18] crowsnest: Prepare Startup ...
[11/12/24 01:22:18] crowsnest: INFO: Host information:
[11/12/24 01:22:18] crowsnest: Host Info: Distribution: BTT-CB1 2.3.4 Bullseye
[11/12/24 01:22:18] crowsnest: Host Info: Kernel: Linux 5.16.17-sun50iw9 aarch64
[11/12/24 01:22:18] crowsnest: Host Info: Available CPU Cores: 4
[11/12/24 01:22:18] crowsnest: Host Info: Available Memory: 1010636 kB
[11/12/24 01:22:18] crowsnest: Host Info: Diskspace (avail. / total): 25G / 29G
[11/12/24 01:22:18] crowsnest: INFO: Checking Dependencies
[11/12/24 01:22:18] crowsnest: Dependency: 'crudini' found in /usr/bin/crudini.
[11/12/24 01:22:18] crowsnest: Dependency: 'find' found in /usr/bin/find.
[11/12/24 01:22:18] crowsnest: Dependency: 'xargs' found in /usr/bin/xargs.
[11/12/24 01:22:18] crowsnest: Dependency: 'ustreamer.bin' found in bin/ustreamer/ustreamer.bin.
[11/12/24 01:22:18] crowsnest: Version Control: ustreamer new version available: 8f0acb2 (v5.57).
[11/12/24 01:22:18] crowsnest: INFO: Print Configfile: '/home/biqu/printer_data/config/crowsnest.conf'
[11/12/24 01:22:18] crowsnest:		[crowsnest]
[11/12/24 01:22:18] crowsnest:		log_path: /home/biqu/printer_data/logs/crowsnest.log
[11/12/24 01:22:18] crowsnest:		log_level: verbose
[11/12/24 01:22:18] crowsnest:		delete_log: false
[11/12/24 01:22:18] crowsnest:		no_proxy: false
[11/12/24 01:22:18] crowsnest:		
[11/12/24 01:22:18] crowsnest:		[cam 1]
[11/12/24 01:22:18] crowsnest:		mode: ustreamer
[11/12/24 01:22:18] crowsnest:		
[11/12/24 01:22:18] crowsnest:		enable_rtsp: false
[11/12/24 01:22:18] crowsnest:		rtsp_port: 8554
[11/12/24 01:22:18] crowsnest:		port: 8080
[11/12/24 01:22:18] crowsnest:		device: /dev/video0
[11/12/24 01:22:18] crowsnest:		resolution: 640x480
[11/12/24 01:22:18] crowsnest:		max_fps: 15
[11/12/24 01:22:18] crowsnest: INFO: Detect available Devices
[11/12/24 01:22:18] crowsnest: ERROR: No usable Devices Found. Stopping crowsnest.
[11/12/24 01:22:39] crowsnest: crowsnest - A webcam Service for multiple Cams and Stream Services.
[11/12/24 01:22:39] crowsnest: Version: v4.1.6-1-ge96cd46
[11/12/24 01:22:39] crowsnest: Prepare Startup ...
[11/12/24 01:22:39] crowsnest: INFO: Host information:
[11/12/24 01:22:39] crowsnest: Host Info: Distribution: BTT-CB1 2.3.4 Bullseye
[11/12/24 01:22:39] crowsnest: Host Info: Kernel: Linux 5.16.17-sun50iw9 aarch64
[11/12/24 01:22:39] crowsnest: Host Info: Available CPU Cores: 4
[11/12/24 01:22:39] crowsnest: Host Info: Available Memory: 1010636 kB
[11/12/24 01:22:39] crowsnest: Host Info: Diskspace (avail. / total): 25G / 29G
[11/12/24 01:22:39] crowsnest: INFO: Checking Dependencies
[11/12/24 01:22:39] crowsnest: Dependency: 'crudini' found in /usr/bin/crudini.
[11/12/24 01:22:39] crowsnest: Dependency: 'find' found in /usr/bin/find.
[11/12/24 01:22:39] crowsnest: Dependency: 'xargs' found in /usr/bin/xargs.
[11/12/24 01:22:39] crowsnest: Dependency: 'ustreamer.bin' found in bin/ustreamer/ustreamer.bin.
[11/12/24 01:22:39] crowsnest: Version Control: ustreamer new version available: 8f0acb2 (v5.57).
[11/12/24 01:22:40] crowsnest: INFO: Print Configfile: '/home/biqu/printer_data/config/crowsnest.conf'
[11/12/24 01:22:40] crowsnest:		[crowsnest]
[11/12/24 01:22:40] crowsnest:		log_path: /home/biqu/printer_data/logs/crowsnest.log
[11/12/24 01:22:40] crowsnest:		log_level: verbose
[11/12/24 01:22:40] crowsnest:		delete_log: false
[11/12/24 01:22:40] crowsnest:		no_proxy: false
[11/12/24 01:22:40] crowsnest:		
[11/12/24 01:22:40] crowsnest:		[cam 1]
[11/12/24 01:22:40] crowsnest:		mode: ustreamer
[11/12/24 01:22:40] crowsnest:		
[11/12/24 01:22:40] crowsnest:		enable_rtsp: false
[11/12/24 01:22:40] crowsnest:		rtsp_port: 8554
[11/12/24 01:22:40] crowsnest:		port: 8080
[11/12/24 01:22:40] crowsnest:		device: /dev/video0
[11/12/24 01:22:40] crowsnest:		resolution: 640x480
[11/12/24 01:22:40] crowsnest:		max_fps: 15
[11/12/24 01:22:40] crowsnest: INFO: Detect available Devices
[11/12/24 01:22:40] crowsnest: ERROR: No usable Devices Found. Stopping crowsnest.
[11/12/24 10:17:27] crowsnest: crowsnest - A webcam Service for multiple Cams and Stream Services.
[11/12/24 10:17:27] crowsnest: Version: v4.1.6-1-ge96cd46
[11/12/24 10:17:27] crowsnest: Prepare Startup ...
[11/12/24 10:17:27] crowsnest: INFO: Host information:
[11/12/24 10:17:27] crowsnest: Host Info: Distribution: BTT-CB1 2.3.4 Bullseye
[11/12/24 10:17:27] crowsnest: Host Info: Kernel: Linux 5.16.17-sun50iw9 aarch64
[11/12/24 10:17:27] crowsnest: Host Info: Available CPU Cores: 4
[11/12/24 10:17:27] crowsnest: Host Info: Available Memory: 1010636 kB
[11/12/24 10:17:27] crowsnest: Host Info: Diskspace (avail. / total): 25G / 29G
[11/12/24 10:17:27] crowsnest: INFO: Checking Dependencies
[11/12/24 10:17:27] crowsnest: Dependency: 'crudini' found in /usr/bin/crudini.
[11/12/24 10:17:27] crowsnest: Dependency: 'find' found in /usr/bin/find.
[11/12/24 10:17:28] crowsnest: Dependency: 'xargs' found in /usr/bin/xargs.
[11/12/24 10:17:28] crowsnest: Dependency: 'ustreamer.bin' found in bin/ustreamer/ustreamer.bin.
[11/12/24 10:17:28] crowsnest: Version Control: ustreamer new version available: 8f0acb2 (v5.57).
[11/12/24 10:17:28] crowsnest: INFO: Print Configfile: '/home/biqu/printer_data/config/crowsnest.conf'
[11/12/24 10:17:28] crowsnest:		[crowsnest]
[11/12/24 10:17:28] crowsnest:		log_path: /home/biqu/printer_data/logs/crowsnest.log
[11/12/24 10:17:28] crowsnest:		log_level: verbose
[11/12/24 10:17:28] crowsnest:		delete_log: false
[11/12/24 10:17:28] crowsnest:		no_proxy: false
[11/12/24 10:17:28] crowsnest:		
[11/12/24 10:17:28] crowsnest:		[cam 1]
[11/12/24 10:17:28] crowsnest:		mode: ustreamer
[11/12/24 10:17:28] crowsnest:		
[11/12/24 10:17:28] crowsnest:		enable_rtsp: false
[11/12/24 10:17:28] crowsnest:		rtsp_port: 8554
[11/12/24 10:17:28] crowsnest:		port: 8080
[11/12/24 10:17:28] crowsnest:		device: /dev/video0
[11/12/24 10:17:28] crowsnest:		resolution: 640x480
[11/12/24 10:17:28] crowsnest:		max_fps: 15
[11/12/24 10:17:28] crowsnest: INFO: Detect available Devices
[11/12/24 10:17:29] crowsnest: ERROR: No usable Devices Found. Stopping crowsnest.
[11/12/24 10:17:35] crowsnest: crowsnest - A webcam Service for multiple Cams and Stream Services.
[11/12/24 10:17:35] crowsnest: Version: v4.1.6-1-ge96cd46
[11/12/24 10:17:35] crowsnest: Prepare Startup ...
[11/12/24 10:17:35] crowsnest: INFO: Host information:
[11/12/24 10:17:35] crowsnest: Host Info: Distribution: BTT-CB1 2.3.4 Bullseye
[11/12/24 10:17:35] crowsnest: Host Info: Kernel: Linux 5.16.17-sun50iw9 aarch64
[11/12/24 10:17:35] crowsnest: Host Info: Available CPU Cores: 4
[11/12/24 10:17:35] crowsnest: Host Info: Available Memory: 1010636 kB
[11/12/24 10:17:35] crowsnest: Host Info: Diskspace (avail. / total): 24G / 29G
[11/12/24 10:17:35] crowsnest: INFO: Checking Dependencies
[11/12/24 10:17:35] crowsnest: Dependency: 'crudini' found in /usr/bin/crudini.
[11/12/24 10:17:35] crowsnest: Dependency: 'find' found in /usr/bin/find.
[11/12/24 10:17:35] crowsnest: Dependency: 'xargs' found in /usr/bin/xargs.
[11/12/24 10:17:35] crowsnest: Dependency: 'ustreamer.bin' found in bin/ustreamer/ustreamer.bin.
[11/12/24 10:17:35] crowsnest: Version Control: ustreamer new version available: 8f0acb2 (v5.57).
[11/12/24 10:17:35] crowsnest: INFO: Print Configfile: '/home/biqu/printer_data/config/crowsnest.conf'
[11/12/24 10:17:35] crowsnest:		[crowsnest]
[11/12/24 10:17:35] crowsnest:		log_path: /home/biqu/printer_data/logs/crowsnest.log
[11/12/24 10:17:35] crowsnest:		log_level: verbose
[11/12/24 10:17:35] crowsnest:		delete_log: false
[11/12/24 10:17:35] crowsnest:		no_proxy: false
[11/12/24 10:17:35] crowsnest:		
[11/12/24 10:17:35] crowsnest:		[cam 1]
[11/12/24 10:17:35] crowsnest:		mode: ustreamer
[11/12/24 10:17:35] crowsnest:		
[11/12/24 10:17:35] crowsnest:		enable_rtsp: false
[11/12/24 10:17:35] crowsnest:		rtsp_port: 8554
[11/12/24 10:17:35] crowsnest:		port: 8080
[11/12/24 10:17:35] crowsnest:		device: /dev/video0
[11/12/24 10:17:35] crowsnest:		resolution: 640x480
[11/12/24 10:17:35] crowsnest:		max_fps: 15
[11/12/24 10:17:35] crowsnest: INFO: Detect available Devices
[11/12/24 10:17:35] crowsnest: ERROR: No usable Devices Found. Stopping crowsnest.
[11/12/24 10:17:42] crowsnest: crowsnest - A webcam Service for multiple Cams and Stream Services.
[11/12/24 10:17:42] crowsnest: Version: v4.1.6-1-ge96cd46
[11/12/24 10:17:42] crowsnest: Prepare Startup ...
[11/12/24 10:17:42] crowsnest: INFO: Host information:
[11/12/24 10:17:42] crowsnest: Host Info: Distribution: BTT-CB1 2.3.4 Bullseye
[11/12/24 10:17:42] crowsnest: Host Info: Kernel: Linux 5.16.17-sun50iw9 aarch64
[11/12/24 10:17:42] crowsnest: Host Info: Available CPU Cores: 4
[11/12/24 10:17:42] crowsnest: Host Info: Available Memory: 1010636 kB
[11/12/24 10:17:42] crowsnest: Host Info: Diskspace (avail. / total): 25G / 29G
[11/12/24 10:17:42] crowsnest: INFO: Checking Dependencies
[11/12/24 10:17:42] crowsnest: Dependency: 'crudini' found in /usr/bin/crudini.
[11/12/24 10:17:42] crowsnest: Dependency: 'find' found in /usr/bin/find.
[11/12/24 10:17:42] crowsnest: Dependency: 'xargs' found in /usr/bin/xargs.
[11/12/24 10:17:43] crowsnest: Dependency: 'ustreamer.bin' found in bin/ustreamer/ustreamer.bin.
[11/12/24 10:17:43] crowsnest: Version Control: ustreamer new version available: 8f0acb2 (v5.57).
[11/12/24 10:17:43] crowsnest: INFO: Print Configfile: '/home/biqu/printer_data/config/crowsnest.conf'
[11/12/24 10:17:43] crowsnest:		[crowsnest]
[11/12/24 10:17:43] crowsnest:		log_path: /home/biqu/printer_data/logs/crowsnest.log
[11/12/24 10:17:43] crowsnest:		log_level: verbose
[11/12/24 10:17:43] crowsnest:		delete_log: false
[11/12/24 10:17:43] crowsnest:		no_proxy: false
[11/12/24 10:17:43] crowsnest:		
[11/12/24 10:17:43] crowsnest:		[cam 1]
[11/12/24 10:17:43] crowsnest:		mode: ustreamer
[11/12/24 10:17:43] crowsnest:		
[11/12/24 10:17:43] crowsnest:		enable_rtsp: false
[11/12/24 10:17:43] crowsnest:		rtsp_port: 8554
[11/12/24 10:17:43] crowsnest:		port: 8080
[11/12/24 10:17:43] crowsnest:		device: /dev/video0
[11/12/24 10:17:43] crowsnest:		resolution: 640x480
[11/12/24 10:17:43] crowsnest:		max_fps: 15
[11/12/24 10:17:43] crowsnest: INFO: Detect available Devices
[11/12/24 10:17:43] crowsnest: ERROR: No usable Devices Found. Stopping crowsnest.
[11/12/24 10:17:50] crowsnest: crowsnest - A webcam Service for multiple Cams and Stream Services.
[11/12/24 10:17:50] crowsnest: Version: v4.1.6-1-ge96cd46
[11/12/24 10:17:50] crowsnest: Prepare Startup ...
[11/12/24 10:17:50] crowsnest: INFO: Host information:
[11/12/24 10:17:50] crowsnest: Host Info: Distribution: BTT-CB1 2.3.4 Bullseye
[11/12/24 10:17:50] crowsnest: Host Info: Kernel: Linux 5.16.17-sun50iw9 aarch64
[11/12/24 10:17:50] crowsnest: Host Info: Available CPU Cores: 4
[11/12/24 10:17:50] crowsnest: Host Info: Available Memory: 1010636 kB
[11/12/24 10:17:50] crowsnest: Host Info: Diskspace (avail. / total): 24G / 29G
[11/12/24 10:17:50] crowsnest: INFO: Checking Dependencies
[11/12/24 10:17:50] crowsnest: Dependency: 'crudini' found in /usr/bin/crudini.
[11/12/24 10:17:50] crowsnest: Dependency: 'find' found in /usr/bin/find.
[11/12/24 10:17:50] crowsnest: Dependency: 'xargs' found in /usr/bin/xargs.
[11/12/24 10:17:50] crowsnest: Dependency: 'ustreamer.bin' found in bin/ustreamer/ustreamer.bin.
[11/12/24 10:17:50] crowsnest: Version Control: ustreamer new version available: 8f0acb2 (v5.57).
[11/12/24 10:17:50] crowsnest: INFO: Print Configfile: '/home/biqu/printer_data/config/crowsnest.conf'
[11/12/24 10:17:50] crowsnest:		[crowsnest]
[11/12/24 10:17:50] crowsnest:		log_path: /home/biqu/printer_data/logs/crowsnest.log
[11/12/24 10:17:50] crowsnest:		log_level: verbose
[11/12/24 10:17:50] crowsnest:		delete_log: false
[11/12/24 10:17:50] crowsnest:		no_proxy: false
[11/12/24 10:17:50] crowsnest:		
[11/12/24 10:17:50] crowsnest:		[cam 1]
[11/12/24 10:17:50] crowsnest:		mode: ustreamer
[11/12/24 10:17:50] crowsnest:		
[11/12/24 10:17:50] crowsnest:		enable_rtsp: false
[11/12/24 10:17:50] crowsnest:		rtsp_port: 8554
[11/12/24 10:17:50] crowsnest:		port: 8080
[11/12/24 10:17:50] crowsnest:		device: /dev/video0
[11/12/24 10:17:50] crowsnest:		resolution: 640x480
[11/12/24 10:17:50] crowsnest:		max_fps: 15
[11/12/24 10:17:50] crowsnest: INFO: Detect available Devices
[11/12/24 10:17:50] crowsnest: ERROR: No usable Devices Found. Stopping crowsnest.
[11/12/24 10:17:57] crowsnest: crowsnest - A webcam Service for multiple Cams and Stream Services.
[11/12/24 10:17:57] crowsnest: Version: v4.1.6-1-ge96cd46
[11/12/24 10:17:57] crowsnest: Prepare Startup ...
[11/12/24 10:17:57] crowsnest: INFO: Host information:
[11/12/24 10:17:57] crowsnest: Host Info: Distribution: BTT-CB1 2.3.4 Bullseye
[11/12/24 10:17:57] crowsnest: Host Info: Kernel: Linux 5.16.17-sun50iw9 aarch64
[11/12/24 10:17:57] crowsnest: Host Info: Available CPU Cores: 4
[11/12/24 10:17:57] crowsnest: Host Info: Available Memory: 1010636 kB
[11/12/24 10:17:57] crowsnest: Host Info: Diskspace (avail. / total): 25G / 29G
[11/12/24 10:17:57] crowsnest: INFO: Checking Dependencies
[11/12/24 10:17:57] crowsnest: Dependency: 'crudini' found in /usr/bin/crudini.
[11/12/24 10:17:57] crowsnest: Dependency: 'find' found in /usr/bin/find.
[11/12/24 10:17:57] crowsnest: Dependency: 'xargs' found in /usr/bin/xargs.
[11/12/24 10:17:57] crowsnest: Dependency: 'ustreamer.bin' found in bin/ustreamer/ustreamer.bin.
[11/12/24 10:17:57] crowsnest: Version Control: ustreamer new version available: 8f0acb2 (v5.57).
[11/12/24 10:17:57] crowsnest: INFO: Print Configfile: '/home/biqu/printer_data/config/crowsnest.conf'
[11/12/24 10:17:57] crowsnest:		[crowsnest]
[11/12/24 10:17:57] crowsnest:		log_path: /home/biqu/printer_data/logs/crowsnest.log
[11/12/24 10:17:57] crowsnest:		log_level: verbose
[11/12/24 10:17:57] crowsnest:		delete_log: false
[11/12/24 10:17:57] crowsnest:		no_proxy: false
[11/12/24 10:17:57] crowsnest:		
[11/12/24 10:17:57] crowsnest:		[cam 1]
[11/12/24 10:17:57] crowsnest:		mode: ustreamer
[11/12/24 10:17:57] crowsnest:		
[11/12/24 10:17:57] crowsnest:		enable_rtsp: false
[11/12/24 10:17:57] crowsnest:		rtsp_port: 8554
[11/12/24 10:17:57] crowsnest:		port: 8080
[11/12/24 10:17:57] crowsnest:		device: /dev/video0
[11/12/24 10:17:57] crowsnest:		resolution: 640x480
[11/12/24 10:17:57] crowsnest:		max_fps: 15
[11/12/24 10:17:57] crowsnest: INFO: Detect available Devices
[11/12/24 10:17:57] crowsnest: ERROR: No usable Devices Found. Stopping crowsnest.
[11/12/24 10:18:04] crowsnest: crowsnest - A webcam Service for multiple Cams and Stream Services.
[11/12/24 10:18:04] crowsnest: Version: v4.1.6-1-ge96cd46
[11/12/24 10:18:04] crowsnest: Prepare Startup ...
[11/12/24 10:18:04] crowsnest: INFO: Host information:
[11/12/24 10:18:04] crowsnest: Host Info: Distribution: BTT-CB1 2.3.4 Bullseye
[11/12/24 10:18:04] crowsnest: Host Info: Kernel: Linux 5.16.17-sun50iw9 aarch64
[11/12/24 10:18:04] crowsnest: Host Info: Available CPU Cores: 4
[11/12/24 10:18:04] crowsnest: Host Info: Available Memory: 1010636 kB
[11/12/24 10:18:04] crowsnest: Host Info: Diskspace (avail. / total): 24G / 29G
[11/12/24 10:18:04] crowsnest: INFO: Checking Dependencies
[11/12/24 10:18:04] crowsnest: Dependency: 'crudini' found in /usr/bin/crudini.
[11/12/24 10:18:04] crowsnest: Dependency: 'find' found in /usr/bin/find.
[11/12/24 10:18:04] crowsnest: Dependency: 'xargs' found in /usr/bin/xargs.
[11/12/24 10:18:04] crowsnest: Dependency: 'ustreamer.bin' found in bin/ustreamer/ustreamer.bin.
[11/12/24 10:18:04] crowsnest: Version Control: ustreamer new version available: 8f0acb2 (v5.57).
[11/12/24 10:18:04] crowsnest: INFO: Print Configfile: '/home/biqu/printer_data/config/crowsnest.conf'
[11/12/24 10:18:04] crowsnest:		[crowsnest]
[11/12/24 10:18:04] crowsnest:		log_path: /home/biqu/printer_data/logs/crowsnest.log
[11/12/24 10:18:04] crowsnest:		log_level: verbose
[11/12/24 10:18:04] crowsnest:		delete_log: false
[11/12/24 10:18:04] crowsnest:		no_proxy: false
[11/12/24 10:18:04] crowsnest:		
[11/12/24 10:18:04] crowsnest:		[cam 1]
[11/12/24 10:18:04] crowsnest:		mode: ustreamer
[11/12/24 10:18:04] crowsnest:		
[11/12/24 10:18:04] crowsnest:		enable_rtsp: false
[11/12/24 10:18:04] crowsnest:		rtsp_port: 8554
[11/12/24 10:18:04] crowsnest:		port: 8080
[11/12/24 10:18:04] crowsnest:		device: /dev/video0
[11/12/24 10:18:04] crowsnest:		resolution: 640x480
[11/12/24 10:18:04] crowsnest:		max_fps: 15
[11/12/24 10:18:04] crowsnest: INFO: Detect available Devices
[11/12/24 10:18:04] crowsnest: ERROR: No usable Devices Found. Stopping crowsnest.
[11/12/24 10:18:11] crowsnest: crowsnest - A webcam Service for multiple Cams and Stream Services.
[11/12/24 10:18:11] crowsnest: Version: v4.1.6-1-ge96cd46
[11/12/24 10:18:11] crowsnest: Prepare Startup ...
[11/12/24 10:18:11] crowsnest: INFO: Host information:
[11/12/24 10:18:11] crowsnest: Host Info: Distribution: BTT-CB1 2.3.4 Bullseye
[11/12/24 10:18:11] crowsnest: Host Info: Kernel: Linux 5.16.17-sun50iw9 aarch64
[11/12/24 10:18:11] crowsnest: Host Info: Available CPU Cores: 4
[11/12/24 10:18:11] crowsnest: Host Info: Available Memory: 1010636 kB
[11/12/24 10:18:11] crowsnest: Host Info: Diskspace (avail. / total): 24G / 29G
[11/12/24 10:18:11] crowsnest: INFO: Checking Dependencies
[11/12/24 10:18:11] crowsnest: Dependency: 'crudini' found in /usr/bin/crudini.
[11/12/24 10:18:11] crowsnest: Dependency: 'find' found in /usr/bin/find.
[11/12/24 10:18:11] crowsnest: Dependency: 'xargs' found in /usr/bin/xargs.
[11/12/24 10:18:11] crowsnest: Dependency: 'ustreamer.bin' found in bin/ustreamer/ustreamer.bin.
[11/12/24 10:18:11] crowsnest: Version Control: ustreamer new version available: 8f0acb2 (v5.57).
[11/12/24 10:18:11] crowsnest: INFO: Print Configfile: '/home/biqu/printer_data/config/crowsnest.conf'
[11/12/24 10:18:11] crowsnest:		[crowsnest]
[11/12/24 10:18:11] crowsnest:		log_path: /home/biqu/printer_data/logs/crowsnest.log
[11/12/24 10:18:11] crowsnest:		log_level: verbose
[11/12/24 10:18:11] crowsnest:		delete_log: false
[11/12/24 10:18:11] crowsnest:		no_proxy: false
[11/12/24 10:18:11] crowsnest:		
[11/12/24 10:18:11] crowsnest:		[cam 1]
[11/12/24 10:18:11] crowsnest:		mode: ustreamer
[11/12/24 10:18:11] crowsnest:		
[11/12/24 10:18:11] crowsnest:		enable_rtsp: false
[11/12/24 10:18:11] crowsnest:		rtsp_port: 8554
[11/12/24 10:18:11] crowsnest:		port: 8080
[11/12/24 10:18:11] crowsnest:		device: /dev/video0
[11/12/24 10:18:11] crowsnest:		resolution: 640x480
[11/12/24 10:18:11] crowsnest:		max_fps: 15
[11/12/24 10:18:11] crowsnest: INFO: Detect available Devices
[11/12/24 10:18:11] crowsnest: ERROR: No usable Devices Found. Stopping crowsnest.
