-------------------- Log Start | Fri Nov 15 04:00:10 2024 --------------------
platform: Linux-5.16.17-sun50iw9-aarch64-with-glibc2.31
data_path: /home/biqu/printer_data
is_default_data_path: False
config_file: /home/biqu/printer_data/config/moonraker.conf
startup_warnings: []
verbose: False
debug: False
asyncio_debug: False
is_backup_config: False
is_python_package: False
instance_uuid: e355e649c37341468b6a2d3a89fabf6e
unix_socket_path: /home/biqu/printer_data/comms/moonraker.sock
software_version: v0.8.0-324-ga3e4dac
git_branch: master
git_remote: origin
git_repo_url: https://github.com/Arksine/moonraker.git
modified_files: []
unofficial_components: []
log_file: /home/biqu/printer_data/logs/moonraker.log
python_version: 3.9.2 (default, Feb 28 2021, 17:03:44)  [GCC 10.2.1 20210110]
launch_args: /home/biqu/moonraker-env/bin/python /home/biqu/moonraker/moonraker/moonraker.py -d /home/biqu/printer_data
msgspec_enabled: False
uvloop_enabled: False

#################### Moonraker Configuration ####################

[server]
host = 0.0.0.0
port = 7125
klippy_uds_address = /home/biqu/printer_data/comms/klippy.sock

[authorization]
trusted_clients = 
	10.0.0.0/8
	127.0.0.0/8
	169.254.0.0/16
	172.16.0.0/12
	192.168.0.0/16
	FE80::/10
	::1/128
cors_domains = 
	*.lan
	*.local
	*://localhost
	*://localhost:*
	*://my.mainsail.xyz
	*://app.fluidd.xyz

[octoprint_compat]

[history]

[file_manager]
enable_object_processing = True

[update_manager]
channel = dev
refresh_interval = 168

[update_manager mainsail-config]
type = git_repo
primary_branch = master
path = ~/mainsail-config
origin = https://github.com/mainsail-crew/mainsail-config.git
managed_services = klipper

[update_manager mainsail]
type = web
channel = stable
repo = mainsail-crew/mainsail
path = ~/mainsail

[update_manager crowsnest]
type = git_repo
path = ~/crowsnest
origin = https://github.com/mainsail-crew/crowsnest.git
managed_services = crowsnest
install_script = tools/pkglist.sh

[update_manager sonar]
type = git_repo
path = ~/sonar
origin = https://github.com/mainsail-crew/sonar.git
primary_branch = main
managed_services = sonar
install_script = tools/install.sh

[update_manager timelapse]
type = git_repo
primary_branch = main
path = ~/moonraker-timelapse
origin = https://github.com/mainsail-crew/moonraker-timelapse.git
managed_services = klipper moonraker

[update_manager KlipperScreen]
type = git_repo
path = ~/KlipperScreen
origin = https://github.com/jordanruthe/KlipperScreen.git
virtualenv = ~/.KlipperScreen-env
requirements = scripts/KlipperScreen-requirements.txt
system_dependencies = scripts/system-dependencies.json
managed_services = KlipperScreen

[update_manager klipper-backup]
type = git_repo
path = ~/klipper-backup
origin = https://github.com/Staubgeborener/klipper-backup.git
managed_services = moonraker
primary_branch = main

[update_manager Klipper-Adaptive-Meshing-Purging]
type = git_repo
channel = dev
path = ~/Klipper-Adaptive-Meshing-Purging
origin = https://github.com/kyleisah/Klipper-Adaptive-Meshing-Purging.git
managed_services = klipper
primary_branch = main

#################################################################
All Configuration Files:
/home/biqu/printer_data/config/moonraker.conf
#################################################################

Database Versions: pylmdb = 1.4.1, lmdb = (0, 9, 29)
Unsafe Shutdown Count: 4

System Info:

***python***
  version: (3, 9, 2, 'final', 0)
  version_string: 3.9.2 (default, Feb 28 2021, 17:03:44)  [GCC 10.2.1 20210110]

***cpu_info***
  cpu_count: 4
  bits: 64bit
  processor: aarch64
  cpu_desc: 
  serial_number: 
  hardware_desc: 
  model: 
  total_memory: 1010636
  memory_units: kB

***sd_info***

***distribution***
  name: BTT-CB1 2.3.4 Bullseye
  id: debian
  version: 11
  version_parts: {'major': '11', 'minor': '', 'build_number': ''}
  like: 
  codename: bullseye
  release_info: {}
  kernel_version: 5.16.17-sun50iw9

***virtualization***
  virt_type: none
  virt_identifier: none

***network***

***canbus***

***Allowed Services***
  klipper_mcu
  webcamd
  MoonCord
  KlipperScreen
  moonraker-telegram-bot
  moonraker-obico
  sonar
  crowsnest
  octoeverywhere
  ratos-configurator
Module libcamera unavailble, import failed

Systemd unit moonraker.service:
unit_name: moonraker.service
is_default: True
manager: systemd
Properties:
**Requires=['-.mount', 'network-online.target', 'sysinit.target', 'system.slice']
**After=['basic.target', 'sysinit.target', 'systemd-journald.socket', '-.mount', 'system.slice', 'network-online.target']
**SupplementaryGroups=['moonraker-admin']
**EnvironmentFiles=/home/biqu/printer_data/systemd/moonraker.env
**ExecStart=/home/biqu/moonraker-env/bin/python $MOONRAKER_ARGS
**WorkingDirectory=/home/biqu/moonraker
**FragmentPath=/etc/systemd/system/moonraker.service
**Description=API Server for Klipper SV1
**User=biqu

Systemd unit klipper.service:
unit_name: klipper.service
is_default: True
manager: systemd
Properties:
**Requires=['system.slice', '-.mount', 'sysinit.target']
**After=['sysinit.target', 'system.slice', 'basic.target', 'network-online.target', '-.mount', 'systemd-journald.socket', 'klipper-mcu.service']
**SupplementaryGroups=[]
**EnvironmentFiles=/home/biqu/printer_data/systemd/klipper.env
**ExecStart=/home/biqu/klippy-env/bin/python $KLIPPER_ARGS
**WorkingDirectory=/home/biqu/klipper
**FragmentPath=/etc/systemd/system/klipper.service
**Description=Klipper 3D Printer Firmware SV1
**User=biqu
Git Repo moonraker: Warnings detected:
  Repo has untracked source files: ['moonraker/components/timelapse.py']
Git Repo klipper: No warnings detected
Git Repo mainsail-config: No warnings detected
Git Repo crowsnest: No warnings detected
Git Repo sonar: No warnings detected
Git Repo timelapse: No warnings detected
Git Repo KlipperScreen: No warnings detected
Git Repo klipper-backup: No warnings detected
Git Repo Klipper-Adaptive-Meshing-Purging: No warnings detected
Klipper Version: v0.12.0-125-gbfb71bc2d
2024-11-15 04:00:10,994 [machine.py:_find_public_ip()] - Detected Local IP: 192.168.1.22
2024-11-15 04:00:42,686 [machine.py:_find_public_ip()] - Detected Local IP: 192.168.1.22
-------------------- Log Start | Fri Nov 15 05:17:27 2024 --------------------
platform: Linux-5.16.17-sun50iw9-aarch64-with-glibc2.31
data_path: /home/biqu/printer_data
is_default_data_path: False
config_file: /home/biqu/printer_data/config/moonraker.conf
startup_warnings: []
verbose: False
debug: False
asyncio_debug: False
is_backup_config: False
is_python_package: False
instance_uuid: e355e649c37341468b6a2d3a89fabf6e
unix_socket_path: /home/biqu/printer_data/comms/moonraker.sock
software_version: v0.8.0-324-ga3e4dac
git_branch: master
git_remote: origin
git_repo_url: https://github.com/Arksine/moonraker.git
modified_files: []
unofficial_components: []
log_file: /home/biqu/printer_data/logs/moonraker.log
python_version: 3.9.2 (default, Feb 28 2021, 17:03:44)  [GCC 10.2.1 20210110]
launch_args: /home/biqu/moonraker-env/bin/python /home/biqu/moonraker/moonraker/moonraker.py -d /home/biqu/printer_data
msgspec_enabled: False
uvloop_enabled: False
2024-11-15 05:17:27,984 [confighelper.py:read_file()] - Configuration File '/home/biqu/printer_data/config/moonraker.conf' parsed, total size: 2296 B
2024-11-15 05:17:27,985 [server.py:add_log_rollover_item()] - 
#################### Moonraker Configuration ####################

[server]
host = 0.0.0.0
port = 7125
klippy_uds_address = /home/biqu/printer_data/comms/klippy.sock

[authorization]
trusted_clients = 
	10.0.0.0/8
	127.0.0.0/8
	169.254.0.0/16
	172.16.0.0/12
	192.168.0.0/16
	FE80::/10
	::1/128
cors_domains = 
	*.lan
	*.local
	*://localhost
	*://localhost:*
	*://my.mainsail.xyz
	*://app.fluidd.xyz

[octoprint_compat]

[history]

[file_manager]
enable_object_processing = True

[update_manager]
channel = dev
refresh_interval = 168

[update_manager mainsail-config]
type = git_repo
primary_branch = master
path = ~/mainsail-config
origin = https://github.com/mainsail-crew/mainsail-config.git
managed_services = klipper

[update_manager mainsail]
type = web
channel = stable
repo = mainsail-crew/mainsail
path = ~/mainsail

[update_manager crowsnest]
type = git_repo
path = ~/crowsnest
origin = https://github.com/mainsail-crew/crowsnest.git
managed_services = crowsnest
install_script = tools/pkglist.sh

[update_manager sonar]
type = git_repo
path = ~/sonar
origin = https://github.com/mainsail-crew/sonar.git
primary_branch = main
managed_services = sonar
install_script = tools/install.sh

[update_manager timelapse]
type = git_repo
primary_branch = main
path = ~/moonraker-timelapse
origin = https://github.com/mainsail-crew/moonraker-timelapse.git
managed_services = klipper moonraker

[update_manager KlipperScreen]
type = git_repo
path = ~/KlipperScreen
origin = https://github.com/jordanruthe/KlipperScreen.git
virtualenv = ~/.KlipperScreen-env
requirements = scripts/KlipperScreen-requirements.txt
system_dependencies = scripts/system-dependencies.json
managed_services = KlipperScreen

[update_manager klipper-backup]
type = git_repo
path = ~/klipper-backup
origin = https://github.com/Staubgeborener/klipper-backup.git
managed_services = moonraker
primary_branch = main

[update_manager Klipper-Adaptive-Meshing-Purging]
type = git_repo
channel = dev
path = ~/Klipper-Adaptive-Meshing-Purging
origin = https://github.com/kyleisah/Klipper-Adaptive-Meshing-Purging.git
managed_services = klipper
primary_branch = main

#################################################################
All Configuration Files:
/home/biqu/printer_data/config/moonraker.conf
#################################################################
2024-11-15 05:17:28,466 [server.py:load_component()] - Component (secrets) loaded
2024-11-15 05:17:28,493 [server.py:load_component()] - Component (template) loaded
2024-11-15 05:17:28,514 [server.py:load_component()] - Component (klippy_connection) loaded
2024-11-15 05:17:30,128 [server.py:load_component()] - Component (application) loaded
2024-11-15 05:17:30,229 [server.py:load_component()] - Component (websockets) loaded
2024-11-15 05:17:30,473 [server.py:load_component()] - Component (dbus_manager) loaded
2024-11-15 05:17:30,560 [server.py:add_log_rollover_item()] - 
Database Versions: pylmdb = 1.4.1, lmdb = (0, 9, 29)
Unsafe Shutdown Count: 5
2024-11-15 05:17:30,601 [server.py:load_component()] - Component (database) loaded
2024-11-15 05:17:30,665 [file_manager.py:__init__()] - Using File System Observer: inotify
2024-11-15 05:17:30,790 [server.py:load_component()] - Component (file_manager) loaded
2024-11-15 05:17:30,878 [authorization.py:__init__()] - Authorization Configuration Loaded
Trusted Clients:
10.0.0.0/8
127.0.0.0/8
169.254.0.0/16
172.16.0.0/12
192.168.0.0/16
fe80::/10
::1/128
CORS Domains:
.*\.lan
.*\.local
.*://localhost
.*://localhost:.*
.*://my\.mainsail\.xyz
.*://app\.fluidd\.xyz
2024-11-15 05:17:30,902 [server.py:load_component()] - Component (authorization) loaded
2024-11-15 05:17:30,916 [server.py:load_component()] - Component (klippy_apis) loaded
2024-11-15 05:17:31,726 [server.py:add_log_rollover_item()] - 
System Info:

***python***
  version: (3, 9, 2, 'final', 0)
  version_string: 3.9.2 (default, Feb 28 2021, 17:03:44)  [GCC 10.2.1 20210110]

***cpu_info***
  cpu_count: 4
  bits: 64bit
  processor: aarch64
  cpu_desc: 
  serial_number: 
  hardware_desc: 
  model: 
  total_memory: 1010636
  memory_units: kB

***sd_info***

***distribution***
  name: BTT-CB1 2.3.4 Bullseye
  id: debian
  version: 11
  version_parts: {'major': '11', 'minor': '', 'build_number': ''}
  like: 
  codename: bullseye
  release_info: {}
  kernel_version: 5.16.17-sun50iw9

***virtualization***
  virt_type: none
  virt_identifier: none

***network***

***canbus***

***Allowed Services***
  klipper_mcu
  webcamd
  MoonCord
  KlipperScreen
  moonraker-telegram-bot
  moonraker-obico
  sonar
  crowsnest
  octoeverywhere
  ratos-configurator
2024-11-15 05:17:31,745 [server.py:load_component()] - Component (shell_command) loaded
2024-11-15 05:17:31,746 [machine.py:__init__()] - Using System Provider: systemd_dbus
2024-11-15 05:17:31,770 [server.py:add_log_rollover_item()] - Module libcamera unavailble, import failed
2024-11-15 05:17:31,770 [server.py:load_component()] - Component (machine) loaded
2024-11-15 05:17:31,794 [server.py:load_component()] - Component (data_store) loaded
2024-11-15 05:17:31,808 [proc_stats.py:__init__()] - Unable to find 'vcgencmd', throttle checking disabled
2024-11-15 05:17:31,810 [server.py:load_component()] - Component (proc_stats) loaded
2024-11-15 05:17:31,821 [server.py:load_component()] - Component (job_state) loaded
2024-11-15 05:17:31,845 [server.py:load_component()] - Component (job_queue) loaded
2024-11-15 05:17:31,918 [server.py:load_component()] - Component (http_client) loaded
2024-11-15 05:17:31,943 [server.py:load_component()] - Component (announcements) loaded
2024-11-15 05:17:31,961 [server.py:load_component()] - Component (webcam) loaded
2024-11-15 05:17:31,973 [server.py:load_component()] - Component (extensions) loaded
2024-11-15 05:17:32,009 [server.py:load_component()] - Component (octoprint_compat) loaded
2024-11-15 05:17:32,151 [server.py:load_component()] - Component (history) loaded
2024-11-15 05:17:32,408 [base_deploy.py:log_info()] - Git Repo moonraker: Detected virtualenv: /home/biqu/moonraker-env
2024-11-15 05:17:32,438 [base_deploy.py:log_info()] - Git Repo klipper: Detected virtualenv: /home/biqu/klippy-env
2024-11-15 05:17:32,558 [base_deploy.py:log_info()] - Git Repo KlipperScreen: Detected virtualenv: /home/biqu/.KlipperScreen-env
2024-11-15 05:17:32,591 [server.py:load_component()] - Component (update_manager) loaded
2024-11-15 05:17:32,607 [server.py:_initialize_component()] - Performing Component Post Init: [dbus_manager]
2024-11-15 05:17:32,781 [server.py:_initialize_component()] - Performing Component Post Init: [file_manager]
2024-11-15 05:17:32,842 [server.py:_initialize_component()] - Performing Component Post Init: [authorization]
2024-11-15 05:17:32,843 [server.py:_initialize_component()] - Performing Component Post Init: [machine]
2024-11-15 05:17:32,845 [machine.py:validation_init()] - Installation version in database up to date
2024-11-15 05:17:34,961 [machine.py:check_virt_status()] - No Virtualization Detected
2024-11-15 05:17:35,024 [machine.py:_find_public_ip()] - Detected Local IP: 192.168.1.102
2024-11-15 05:17:35,037 [webcam.py:_set_default_host_ip()] - Default public webcam address set: http://192.168.1.102
2024-11-15 05:17:35,236 [server.py:add_log_rollover_item()] - 
Systemd unit moonraker.service:
unit_name: moonraker.service
is_default: True
manager: systemd
Properties:
**Requires=['network-online.target', 'sysinit.target', 'system.slice', '-.mount']
**After=['basic.target', 'network-online.target', 'systemd-journald.socket', 'sysinit.target', 'system.slice', '-.mount']
**SupplementaryGroups=['moonraker-admin']
**EnvironmentFiles=/home/biqu/printer_data/systemd/moonraker.env
**ExecStart=/home/biqu/moonraker-env/bin/python $MOONRAKER_ARGS
**WorkingDirectory=/home/biqu/moonraker
**FragmentPath=/etc/systemd/system/moonraker.service
**Description=API Server for Klipper SV1
**User=biqu
2024-11-15 05:17:35,237 [server.py:_initialize_component()] - Performing Component Post Init: [proc_stats]
2024-11-15 05:17:35,238 [server.py:_initialize_component()] - Performing Component Post Init: [announcements]
2024-11-15 05:17:35,244 [server.py:_initialize_component()] - Performing Component Post Init: [webcam]
2024-11-15 05:17:35,245 [webcam.py:_set_default_host_ip()] - Default public webcam address set: http://192.168.1.102
2024-11-15 05:17:35,248 [server.py:_initialize_component()] - Performing Component Post Init: [klippy_connection]
2024-11-15 05:17:35,251 [server.py:add_log_rollover_item()] - 
Systemd unit klipper.service:
unit_name: klipper.service
is_default: True
manager: systemd
Properties:
**Requires=['system.slice', '-.mount', 'sysinit.target']
**After=['sysinit.target', 'system.slice', 'basic.target', 'network-online.target', '-.mount', 'systemd-journald.socket', 'klipper-mcu.service']
**SupplementaryGroups=[]
**EnvironmentFiles=/home/biqu/printer_data/systemd/klipper.env
**ExecStart=/home/biqu/klippy-env/bin/python $KLIPPER_ARGS
**WorkingDirectory=/home/biqu/klipper
**FragmentPath=/etc/systemd/system/klipper.service
**Description=Klipper 3D Printer Firmware SV1
**User=biqu
2024-11-15 05:17:35,252 [server.py:_initialize_component()] - Performing Component Post Init: [history]
2024-11-15 05:17:35,262 [server.py:_initialize_component()] - Performing Component Post Init: [update_manager]
2024-11-15 05:17:36,246 [base_deploy.py:log_info()] - PackageDeploy: PackageKit Provider Configured
2024-11-15 05:17:36,276 [git_deploy.py:log_repo_info()] - Git Repo Klipper-Adaptive-Meshing-Purging Detected:
Owner: kyleisah
Repository Name: Klipper-Adaptive-Meshing-Purging
Path: /home/biqu/Klipper-Adaptive-Meshing-Purging
Remote: origin
Branch: main
Remote URL: https://github.com/kyleisah/Klipper-Adaptive-Meshing-Purging.git
Recovery URL: https://github.com/kyleisah/Klipper-Adaptive-Meshing-Purging.git
Current Commit SHA: b0dad8ec9ee31cb644b94e39d4b8a8fb9d6c9ba0
Upstream Commit SHA: b0dad8ec9ee31cb644b94e39d4b8a8fb9d6c9ba0
Current Version: v1.1.2-13-gb0dad8ec
Upstream Version: v1.1.2-13-gb0dad8ec
Rollback Commit: b0dad8ec9ee31cb644b94e39d4b8a8fb9d6c9ba0
Rollback Branch: main
Rollback Version: v1.1.2-13-gb0dad8ec
Is Dirty: False
Is Detached: False
Is Shallow: False
Commits Behind Count: 0
Diverged: False
2024-11-15 05:17:36,288 [extensions.py:start_unix_server()] - Creating Unix Domain Socket at '/home/biqu/printer_data/comms/moonraker.sock'
2024-11-15 05:17:36,296 [server.py:start_server()] - Starting Moonraker on (0.0.0.0, 7125), Hostname: BTT-CB1-VO
2024-11-15 05:17:36,302 [application.py:listen()] - SSL Certificate/Key not configured, aborting HTTPS Server startup
2024-11-15 05:17:36,557 [klippy_connection.py:_do_connect()] - Klippy Connection Established
2024-11-15 05:17:36,677 [server.py:add_log_rollover_item()] - 
Systemd unit klipper.service:
unit_name: klipper.service
is_default: True
manager: systemd
Properties:
**Requires=['sysinit.target', 'system.slice', '-.mount']
**After=['basic.target', 'sysinit.target', 'network-online.target', 'klipper-mcu.service', 'systemd-journald.socket', '-.mount', 'system.slice']
**SupplementaryGroups=[]
**EnvironmentFiles=/home/biqu/printer_data/systemd/klipper.env
**ExecStart=/home/biqu/klippy-env/bin/python $KLIPPER_ARGS
**WorkingDirectory=/home/biqu/klipper
**FragmentPath=/etc/systemd/system/klipper.service
**Description=Klipper 3D Printer Firmware SV1
**User=biqu
2024-11-15 05:17:36,936 [server.py:add_log_rollover_item()] - Klipper Version: v0.12.0-125-gbfb71bc2d
2024-11-15 05:17:36,996 [klippy_connection.py:_request_initial_subscriptions()] - Webhooks Subscribed
2024-11-15 05:17:37,008 [klippy_connection.py:_request_initial_subscriptions()] - GCode Output Subscribed
2024-11-15 05:17:37,246 [job_state.py:_handle_started()] - Job state initialized: standby
2024-11-15 05:17:37,523 [klippy_connection.py:_check_ready()] - Klippy ready
2024-11-15 05:17:37,998 [data_store.py:_init_sensors()] - Configuring available sensors: ['heater_bed', 'temperature_fan tcb1', 'extruder']
2024-11-15 05:17:41,601 [base_deploy.py:log_info()] - PackageKit: Detected 110 package updates:
base-files
bind9-dnsutils
bind9-host
bind9-libs
bluetooth
bluez
bsdutils
curl
distro-info-data
dnsutils
e2fsprogs
fdisk
ffmpeg
gir1.2-gdkpixbuf-2.0
gir1.2-gtk-3.0
git
git-man
gtk-update-icon-cache
hostapd
less
libaom0
libavcodec58
libavdevice58
libavfilter7
libavformat58
libavresample4
libavutil56
libblkid-dev
libblkid1
libbluetooth3
libc-bin
libc-dev-bin
libc-l10n
libc6
libc6-dev
libcom-err2
libcups2
libcurl3-gnutls
libcurl4
libdav1d4
libexpat1
libexpat1-dev
libext2fs2
libfdisk1
libgdk-pixbuf-2.0-0
libgdk-pixbuf2.0-common
libglib2.0-0
libglib2.0-bin
libglib2.0-data
libglib2.0-dev
libglib2.0-dev-bin
libgnutls30
libgssapi-krb5-2
libgtk-3-0
libgtk-3-common
libk5crypto3
libkrb5-3
libkrb5support0
libmount-dev
libmount1
libndp0
libnghttp2-14
libnss-myhostname
libntfs-3g883
libpam-systemd
libperl5.32
libpostproc55
libsepol1
libsepol1-dev
libsmartcols1
libsmbclient
libsqlite3-0
libss2
libssh2-1
libssl-dev
libssl1.1
libswresample3
libswscale5
libsystemd0
libudev-dev
libudev1
libuuid1
libvpx6
libwbclient0
libxml2
linux-libc-dev
locales
logsave
mount
nano
net-tools
ntfs-3g
openssl
perl
perl-base
perl-modules-5.32
python3-pil
python3-pkg-resources
python3-setuptools
rfkill
samba-libs
systemd
systemd-sysv
udev
util-linux
uuid-dev
wpasupplicant
xserver-common
xserver-xorg-core
xserver-xorg-legacy
2024-11-15 05:17:41,798 [shell_command.py:_check_proc_success()] - Command (git -C /home/biqu/moonraker status --porcelain -b) successfully finished
2024-11-15 05:17:41,829 [shell_command.py:_check_proc_success()] - Command (git -C /home/biqu/moonraker branch --list --no-color) successfully finished
2024-11-15 05:17:41,882 [shell_command.py:_check_proc_success()] - Command (git -C /home/biqu/moonraker remote get-url origin) successfully finished
2024-11-15 05:17:45,373 [machine.py:_find_public_ip()] - Detected Local IP: 192.168.1.102
2024-11-15 05:17:45,750 [ioloop.py:_run_callback()] - Exception in callback functools.partial(<function _HTTPConnection.__init__.<locals>.<lambda> at 0xffffb0e8d040>, <Task finished name='Task-103' coro=<_HTTPConnection.run() done, defined at /home/biqu/moonraker-env/lib/python3.9/site-packages/tornado/simple_httpclient.py:290> exception=gaierror(-2, 'Name or service not known')>)
Traceback (most recent call last):
  File "/home/biqu/moonraker-env/lib/python3.9/site-packages/tornado/ioloop.py", line 750, in _run_callback
    ret = callback()
  File "/home/biqu/moonraker-env/lib/python3.9/site-packages/tornado/simple_httpclient.py", line 287, in <lambda>
    gen.convert_yielded(self.run()), lambda f: f.result()
  File "/home/biqu/moonraker-env/lib/python3.9/site-packages/tornado/simple_httpclient.py", line 340, in run
    stream = await self.tcp_client.connect(
  File "/home/biqu/moonraker-env/lib/python3.9/site-packages/tornado/tcpclient.py", line 269, in connect
    addrinfo = await self.resolver.resolve(host, port, af)
  File "/home/biqu/moonraker-env/lib/python3.9/site-packages/tornado/netutil.py", line 433, in resolve
    for fam, _, _, _, address in await asyncio.get_running_loop().getaddrinfo(
  File "/usr/lib/python3.9/asyncio/base_events.py", line 856, in getaddrinfo
    return await self.run_in_executor(
  File "/usr/lib/python3.9/concurrent/futures/thread.py", line 52, in run
    result = self.fn(*self.args, **self.kwargs)
  File "/usr/lib/python3.9/socket.py", line 953, in getaddrinfo
    for res in _socket.getaddrinfo(host, port, family, type, proto, flags):
socket.gaierror: [Errno -2] Name or service not known
2024-11-15 05:17:45,761 [shell_command.py:_check_proc_success()] - Command (git -C /home/biqu/moonraker fetch origin --prune --progress) exited with return code 128
2024-11-15 05:17:45,784 [shell_command.py:_check_proc_success()] - Command (find .git/objects/ -type f -empty | xargs rm) exited with return code 1
